Started GET "/" for ::1 at 2024-01-20 14:30:51 +0300
  [1m[35m (1.4ms)[0m  [1m[34mSELECT sqlite_version(*)[0m
Processing by Rails::WelcomeController#index as HTML
  Rendering /home/kamil/.rvm/gems/ruby-2.7.4/gems/railties-6.1.7.6/lib/rails/templates/rails/welcome/index.html.erb
  Rendered /home/kamil/.rvm/gems/ruby-2.7.4/gems/railties-6.1.7.6/lib/rails/templates/rails/welcome/index.html.erb (Duration: 7.9ms | Allocations: 442)
Completed 200 OK in 24ms (Views: 11.9ms | ActiveRecord: 0.0ms | Allocations: 3617)


Started GET "/" for ::1 at 2024-01-20 14:42:03 +0300
  [1m[35m (0.5ms)[0m  [1m[34mSELECT sqlite_version(*)[0m
Processing by Rails::WelcomeController#index as HTML
  Rendering /home/kamil/.rvm/gems/ruby-2.7.4/gems/railties-6.1.7.6/lib/rails/templates/rails/welcome/index.html.erb
  Rendered /home/kamil/.rvm/gems/ruby-2.7.4/gems/railties-6.1.7.6/lib/rails/templates/rails/welcome/index.html.erb (Duration: 7.6ms | Allocations: 336)
Completed 200 OK in 18ms (Views: 10.2ms | ActiveRecord: 0.0ms | Allocations: 2483)


Started GET "/about" for ::1 at 2024-01-20 15:12:09 +0300
  [1m[35m (0.3ms)[0m  [1m[34mSELECT sqlite_version(*)[0m
Processing by AboutController#index as HTML
  Rendering layout layouts/application.html.erb
  Rendering about/index.html.erb within layouts/application
  Rendered about/index.html.erb within layouts/application (Duration: 0.6ms | Allocations: 222)
[Webpacker] Compiling...
[Webpacker] Compilation failed:
Hash: e6909801bf1f5aef640d
Version: webpack 4.47.0
Time: 477ms
Built at: 20.01.2024 15:12:11
                                     Asset       Size       Chunks                         Chunk Names
    js/application-514fba105825a5af4d8f.js   8.18 KiB  application  [emitted] [immutable]  application
js/application-514fba105825a5af4d8f.js.map   3.53 KiB  application  [emitted] [dev]        application
                             manifest.json  364 bytes               [emitted]              
Entrypoint application = js/application-514fba105825a5af4d8f.js js/application-514fba105825a5af4d8f.js.map
[./app/javascript/packs/application.js] 4.28 KiB {application} [built] [failed] [1 error]

ERROR in ./app/javascript/packs/application.js
Module build failed (from ./node_modules/babel-loader/lib/index.js):
Error: Cannot find package '@babel/plugin-proposal-private-methods' imported from /home/kamil/RoR/PetPortal/babel-virtual-resolve-base.js
    at new NodeError (/home/kamil/RoR/PetPortal/node_modules/@babel/core/lib/vendor/import-meta-resolve.js:194:5)
    at packageResolve (/home/kamil/RoR/PetPortal/node_modules/@babel/core/lib/vendor/import-meta-resolve.js:908:9)
    at moduleResolve (/home/kamil/RoR/PetPortal/node_modules/@babel/core/lib/vendor/import-meta-resolve.js:937:20)
    at defaultResolve (/home/kamil/RoR/PetPortal/node_modules/@babel/core/lib/vendor/import-meta-resolve.js:1007:15)
    at resolve (/home/kamil/RoR/PetPortal/node_modules/@babel/core/lib/vendor/import-meta-resolve.js:1020:12)
    at tryImportMetaResolve (/home/kamil/RoR/PetPortal/node_modules/@babel/core/lib/config/files/plugins.js:142:45)
    at resolveStandardizedNameForImport (/home/kamil/RoR/PetPortal/node_modules/@babel/core/lib/config/files/plugins.js:164:19)
    at resolveStandardizedName (/home/kamil/RoR/PetPortal/node_modules/@babel/core/lib/config/files/plugins.js:173:22)
    at loadPlugin (/home/kamil/RoR/PetPortal/node_modules/@babel/core/lib/config/files/plugins.js:52:20)
    at loadPlugin.next (<anonymous>)
    at createDescriptor (/home/kamil/RoR/PetPortal/node_modules/@babel/core/lib/config/config-descriptors.js:140:16)
    at createDescriptor.next (<anonymous>)
    at step (/home/kamil/RoR/PetPortal/node_modules/gensync/index.js:261:32)
    at evaluateAsync (/home/kamil/RoR/PetPortal/node_modules/gensync/index.js:291:5)
    at /home/kamil/RoR/PetPortal/node_modules/gensync/index.js:44:11
    at Array.forEach (<anonymous>)
    at Function.async (/home/kamil/RoR/PetPortal/node_modules/gensync/index.js:43:15)
    at Function.all (/home/kamil/RoR/PetPortal/node_modules/gensync/index.js:216:13)
    at Generator.next (<anonymous>)
    at createDescriptors (/home/kamil/RoR/PetPortal/node_modules/@babel/core/lib/config/config-descriptors.js:102:41)
    at createDescriptors.next (<anonymous>)
    at createPluginDescriptors (/home/kamil/RoR/PetPortal/node_modules/@babel/core/lib/config/config-descriptors.js:99:17)
    at createPluginDescriptors.next (<anonymous>)
    at /home/kamil/RoR/PetPortal/node_modules/@babel/core/lib/gensync-utils/functional.js:39:27
    at Generator.next (<anonymous>)
    at mergeChainOpts (/home/kamil/RoR/PetPortal/node_modules/@babel/core/lib/config/config-chain.js:349:34)
    at mergeChainOpts.next (<anonymous>)
    at chainWalker (/home/kamil/RoR/PetPortal/node_modules/@babel/core/lib/config/config-chain.js:316:14)
    at chainWalker.next (<anonymous>)
    at loadFileChain (/home/kamil/RoR/PetPortal/node_modules/@babel/core/lib/config/config-chain.js:191:24)
    at loadFileChain.next (<anonymous>)
    at buildRootChain (/home/kamil/RoR/PetPortal/node_modules/@babel/core/lib/config/config-chain.js:77:27)
    at buildRootChain.next (<anonymous>)
    at loadPrivatePartialConfig (/home/kamil/RoR/PetPortal/node_modules/@babel/core/lib/config/partial.js:72:62)
    at loadPrivatePartialConfig.next (<anonymous>)
    at loadPartialConfig (/home/kamil/RoR/PetPortal/node_modules/@babel/core/lib/config/partial.js:115:25)
    at loadPartialConfig.next (<anonymous>)
    at step (/home/kamil/RoR/PetPortal/node_modules/gensync/index.js:269:25)
    at evaluateAsync (/home/kamil/RoR/PetPortal/node_modules/gensync/index.js:291:5)
    at /home/kamil/RoR/PetPortal/node_modules/gensync/index.js:93:9
    at new Promise (<anonymous>)
    at async (/home/kamil/RoR/PetPortal/node_modules/gensync/index.js:92:14)
    at stopHiding - secret - don't use this - v1 (/home/kamil/RoR/PetPortal/node_modules/@babel/core/lib/errors/rewrite-stack-trace.js:47:12)
    at loadPartialConfigAsync (/home/kamil/RoR/PetPortal/node_modules/@babel/core/lib/config/index.js:34:85)
    at Object.<anonymous> (/home/kamil/RoR/PetPortal/node_modules/babel-loader/lib/index.js:126:26)
    at Generator.next (<anonymous>)
    at asyncGeneratorStep (/home/kamil/RoR/PetPortal/node_modules/babel-loader/lib/index.js:3:103)
    at _next (/home/kamil/RoR/PetPortal/node_modules/babel-loader/lib/index.js:4:194)
    at /home/kamil/RoR/PetPortal/node_modules/babel-loader/lib/index.js:4:364
    at new Promise (<anonymous>)

  Rendered layout layouts/application.html.erb (Duration: 2371.1ms | Allocations: 13523)
Completed 200 OK in 2380ms (Views: 2373.5ms | ActiveRecord: 0.0ms | Allocations: 16093)


Started GET "/about" for ::1 at 2024-01-20 15:13:10 +0300
Processing by AboutController#index as HTML
  Rendering layout layouts/application.html.erb
  Rendering about/index.html.erb within layouts/application
  Rendered about/index.html.erb within layouts/application (Duration: 0.5ms | Allocations: 107)
[Webpacker] Everything's up-to-date. Nothing to do
  Rendered layout layouts/application.html.erb (Duration: 6.9ms | Allocations: 3236)
Completed 200 OK in 10ms (Views: 8.7ms | ActiveRecord: 0.0ms | Allocations: 4359)


  [1m[35m (2.1ms)[0m  [1m[34mSELECT sqlite_version(*)[0m
  [1m[35m (84.2ms)[0m  [1m[35mCREATE TABLE "schema_migrations" ("version" varchar NOT NULL PRIMARY KEY)[0m
  [1m[35m (108.6ms)[0m  [1m[35mCREATE TABLE "ar_internal_metadata" ("key" varchar NOT NULL PRIMARY KEY, "value" varchar, "created_at" datetime(6) NOT NULL, "updated_at" datetime(6) NOT NULL)[0m
  [1m[35m (0.2ms)[0m  [1m[34mSELECT "schema_migrations"."version" FROM "schema_migrations" ORDER BY "schema_migrations"."version" ASC[0m
Migrating to CreateProjects (20240120141922)
  [1m[36mTRANSACTION (0.2ms)[0m  [1m[36mbegin transaction[0m
  [1m[35m (0.5ms)[0m  [1m[35mCREATE TABLE "projects" ("id" integer PRIMARY KEY AUTOINCREMENT NOT NULL, "title" text, "description" text, "user_id" integer, "created_at" datetime(6) NOT NULL, "updated_at" datetime(6) NOT NULL)[0m
  [1m[36mActiveRecord::SchemaMigration Create (0.3ms)[0m  [1m[32mINSERT INTO "schema_migrations" ("version") VALUES (?)[0m  [["version", "20240120141922"]]
  [1m[36mTRANSACTION (90.5ms)[0m  [1m[36mcommit transaction[0m
  [1m[36mActiveRecord::InternalMetadata Load (0.3ms)[0m  [1m[34mSELECT "ar_internal_metadata".* FROM "ar_internal_metadata" WHERE "ar_internal_metadata"."key" = ? LIMIT ?[0m  [["key", "environment"], ["LIMIT", 1]]
  [1m[36mTRANSACTION (0.1ms)[0m  [1m[36mbegin transaction[0m
  [1m[36mActiveRecord::InternalMetadata Create (0.4ms)[0m  [1m[32mINSERT INTO "ar_internal_metadata" ("key", "value", "created_at", "updated_at") VALUES (?, ?, ?, ?)[0m  [["key", "environment"], ["value", "development"], ["created_at", "2024-01-20 14:24:50.281931"], ["updated_at", "2024-01-20 14:24:50.281931"]]
  [1m[36mTRANSACTION (74.2ms)[0m  [1m[36mcommit transaction[0m
  [1m[35m (0.1ms)[0m  [1m[34mSELECT sqlite_version(*)[0m
  [1m[35m (0.1ms)[0m  [1m[34mSELECT "schema_migrations"."version" FROM "schema_migrations" ORDER BY "schema_migrations"."version" ASC[0m
  [1m[35m (2.0ms)[0m  [1m[34mSELECT sqlite_version(*)[0m
  [1m[35m (0.2ms)[0m  [1m[35mDROP DATABASE IF EXISTS "pet_portal_development"[0m
  [1m[35m (2.0ms)[0m  [1m[35mDROP DATABASE IF EXISTS "db/test"."sqlite3"[0m
  [1m[35m (0.3ms)[0m  [1m[35mDROP DATABASE IF EXISTS "pet_portal_development"[0m
  [1m[35m (624.8ms)[0m  [1m[35mCREATE DATABASE "pet_portal_development" ENCODING = 'utf8'[0m
  [1m[35m (0.4ms)[0m  [1m[35mDROP TABLE IF EXISTS "projects" CASCADE[0m
  [1m[35m (94.3ms)[0m  [1m[35mCREATE TABLE "projects" ("id" bigserial primary key, "title" text, "description" text, "user_id" integer, "created_at" timestamp(6) NOT NULL, "updated_at" timestamp(6) NOT NULL)[0m
  [1m[35m (91.2ms)[0m  [1m[35mCREATE TABLE "schema_migrations" ("version" character varying NOT NULL PRIMARY KEY)[0m
  [1m[35m (1.0ms)[0m  [1m[34mSELECT "schema_migrations"."version" FROM "schema_migrations" ORDER BY "schema_migrations"."version" ASC[0m
  [1m[35m (13.2ms)[0m  [1m[32mINSERT INTO "schema_migrations" (version) VALUES (20240120141922)[0m
  [1m[35m (175.6ms)[0m  [1m[35mCREATE TABLE "ar_internal_metadata" ("key" character varying NOT NULL PRIMARY KEY, "value" character varying, "created_at" timestamp(6) NOT NULL, "updated_at" timestamp(6) NOT NULL)[0m
  [1m[36mActiveRecord::InternalMetadata Load (0.7ms)[0m  [1m[34mSELECT "ar_internal_metadata".* FROM "ar_internal_metadata" WHERE "ar_internal_metadata"."key" = $1 LIMIT $2[0m  [["key", "environment"], ["LIMIT", 1]]
  [1m[36mTRANSACTION (0.4ms)[0m  [1m[35mBEGIN[0m
  [1m[36mActiveRecord::InternalMetadata Create (1.3ms)[0m  [1m[32mINSERT INTO "ar_internal_metadata" ("key", "value", "created_at", "updated_at") VALUES ($1, $2, $3, $4) RETURNING "key"[0m  [["key", "environment"], ["value", "development"], ["created_at", "2024-01-20 14:41:39.153074"], ["updated_at", "2024-01-20 14:41:39.153074"]]
  [1m[36mTRANSACTION (18.7ms)[0m  [1m[35mCOMMIT[0m
  [1m[36mActiveRecord::InternalMetadata Load (0.4ms)[0m  [1m[34mSELECT "ar_internal_metadata".* FROM "ar_internal_metadata" WHERE "ar_internal_metadata"."key" = $1 LIMIT $2[0m  [["key", "environment"], ["LIMIT", 1]]
  [1m[36mActiveRecord::InternalMetadata Load (0.5ms)[0m  [1m[34mSELECT "ar_internal_metadata".* FROM "ar_internal_metadata" WHERE "ar_internal_metadata"."key" = $1 LIMIT $2[0m  [["key", "schema_sha1"], ["LIMIT", 1]]
  [1m[36mTRANSACTION (0.3ms)[0m  [1m[35mBEGIN[0m
  [1m[36mActiveRecord::InternalMetadata Create (0.5ms)[0m  [1m[32mINSERT INTO "ar_internal_metadata" ("key", "value", "created_at", "updated_at") VALUES ($1, $2, $3, $4) RETURNING "key"[0m  [["key", "schema_sha1"], ["value", "8354665fd49423ccb75a0c44f6fec6453b8c9d0c"], ["created_at", "2024-01-20 14:41:39.190135"], ["updated_at", "2024-01-20 14:41:39.190135"]]
  [1m[36mTRANSACTION (14.6ms)[0m  [1m[35mCOMMIT[0m
  [1m[35m (1.1ms)[0m  [1m[34mSELECT "schema_migrations"."version" FROM "schema_migrations" ORDER BY "schema_migrations"."version" ASC[0m
Started GET "/about" for ::1 at 2024-01-20 17:49:37 +0300
  [1m[35m (1.4ms)[0m  [1m[34mSELECT "schema_migrations"."version" FROM "schema_migrations" ORDER BY "schema_migrations"."version" ASC[0m
Processing by AboutController#index as HTML
  Rendering layout layouts/application.html.erb
  Rendering about/index.html.erb within layouts/application
  Rendered about/index.html.erb within layouts/application (Duration: 1.2ms | Allocations: 224)
[Webpacker] Everything's up-to-date. Nothing to do
  Rendered layout layouts/application.html.erb (Duration: 33.2ms | Allocations: 4833)
Completed 200 OK in 64ms (Views: 45.9ms | ActiveRecord: 0.0ms | Allocations: 7461)


Started GET "/" for ::1 at 2024-01-20 17:49:40 +0300
Processing by ProjectsController#index as HTML
  Rendering layout layouts/application.html.erb
  Rendering projects/index.html.erb within layouts/application
  Rendered projects/index.html.erb within layouts/application (Duration: 0.6ms | Allocations: 108)
[Webpacker] Everything's up-to-date. Nothing to do
  Rendered layout layouts/application.html.erb (Duration: 10.3ms | Allocations: 3010)
Completed 200 OK in 14ms (Views: 12.8ms | ActiveRecord: 0.0ms | Allocations: 3896)


Started GET "/" for ::1 at 2024-01-20 17:54:32 +0300
Processing by ProjectsController#index as HTML
  Rendering layout layouts/application.html.erb
  Rendering projects/index.html.erb within layouts/application
  Rendered projects/index.html.erb within layouts/application (Duration: 0.8ms | Allocations: 101)
[Webpacker] Everything's up-to-date. Nothing to do
  Rendered layout layouts/application.html.erb (Duration: 11.8ms | Allocations: 3210)
Completed 200 OK in 17ms (Views: 15.4ms | ActiveRecord: 0.0ms | Allocations: 4323)


Started GET "/" for ::1 at 2024-01-20 17:54:33 +0300
Processing by ProjectsController#index as HTML
  Rendering layout layouts/application.html.erb
  Rendering projects/index.html.erb within layouts/application
  Rendered projects/index.html.erb within layouts/application (Duration: 0.1ms | Allocations: 36)
[Webpacker] Everything's up-to-date. Nothing to do
  Rendered layout layouts/application.html.erb (Duration: 7.5ms | Allocations: 2971)
Completed 200 OK in 9ms (Views: 8.4ms | ActiveRecord: 0.0ms | Allocations: 3345)


Started GET "/" for ::1 at 2024-01-20 17:55:09 +0300
Processing by ProjectsController#index as HTML
  Rendering layout layouts/application.html.erb
  Rendering projects/index.html.erb within layouts/application
  Rendered projects/index.html.erb within layouts/application (Duration: 1.0ms | Allocations: 101)
[Webpacker] Everything's up-to-date. Nothing to do
  Rendered layout layouts/application.html.erb (Duration: 10.0ms | Allocations: 3217)
Completed 200 OK in 15ms (Views: 13.4ms | ActiveRecord: 0.0ms | Allocations: 4329)


Started GET "/" for ::1 at 2024-01-20 18:07:19 +0300
  [1m[35m (1.5ms)[0m  [1m[34mSELECT "schema_migrations"."version" FROM "schema_migrations" ORDER BY "schema_migrations"."version" ASC[0m
Processing by ProjectsController#index as HTML
  Rendering layout layouts/application.html.erb
  Rendering projects/index.html.erb within layouts/application
  Rendered projects/index.html.erb within layouts/application (Duration: 0.9ms | Allocations: 219)
[Webpacker] Everything's up-to-date. Nothing to do
  Rendered shared/_navbar.html.erb (Duration: 0.5ms | Allocations: 141)
  Rendered layout layouts/application.html.erb (Duration: 13.2ms | Allocations: 5188)
Completed 200 OK in 45ms (Views: 27.0ms | ActiveRecord: 0.0ms | Allocations: 7817)


Started GET "/" for ::1 at 2024-01-20 18:07:37 +0300
Processing by ProjectsController#index as HTML
  Rendering layout layouts/application.html.erb
  Rendering projects/index.html.erb within layouts/application
  Rendered projects/index.html.erb within layouts/application (Duration: 0.1ms | Allocations: 36)
[Webpacker] Everything's up-to-date. Nothing to do
  Rendered shared/_navbar.html.erb (Duration: 0.2ms | Allocations: 38)
  Rendered layout layouts/application.html.erb (Duration: 7.7ms | Allocations: 3071)
Completed 200 OK in 10ms (Views: 8.6ms | ActiveRecord: 0.0ms | Allocations: 3450)


Started GET "/" for ::1 at 2024-01-20 18:16:38 +0300
  [1m[35m (3.2ms)[0m  [1m[34mSELECT "schema_migrations"."version" FROM "schema_migrations" ORDER BY "schema_migrations"."version" ASC[0m
Processing by ProjectsController#index as HTML
  Rendering layout layouts/application.html.erb
  Rendering projects/index.html.erb within layouts/application
  Rendered projects/index.html.erb within layouts/application (Duration: 3.0ms | Allocations: 219)
[Webpacker] Everything's up-to-date. Nothing to do
  Rendered shared/_navbar.html.erb (Duration: 2.5ms | Allocations: 141)
  Rendered layout layouts/application.html.erb (Duration: 41.5ms | Allocations: 5203)
Completed 200 OK in 66ms (Views: 48.8ms | ActiveRecord: 0.0ms | Allocations: 7775)


Started GET "/" for ::1 at 2024-01-20 18:32:22 +0300
  [1m[35m (2.1ms)[0m  [1m[34mSELECT "schema_migrations"."version" FROM "schema_migrations" ORDER BY "schema_migrations"."version" ASC[0m
Processing by ProjectsController#index as HTML
  Rendering layout layouts/application.html.erb
  Rendering projects/index.html.erb within layouts/application
  Rendered projects/index.html.erb within layouts/application (Duration: 0.8ms | Allocations: 219)
[Webpacker] Everything's up-to-date. Nothing to do
  Rendered shared/_navbar.html.erb (Duration: 0.6ms | Allocations: 141)
  Rendered layout layouts/application.html.erb (Duration: 13.8ms | Allocations: 5188)
Completed 200 OK in 49ms (Views: 29.1ms | ActiveRecord: 0.0ms | Allocations: 7817)


Started GET "/about" for ::1 at 2024-01-20 18:32:23 +0300
Processing by AboutController#index as HTML
  Rendering layout layouts/application.html.erb
  Rendering about/index.html.erb within layouts/application
  Rendered about/index.html.erb within layouts/application (Duration: 0.7ms | Allocations: 108)
[Webpacker] Everything's up-to-date. Nothing to do
  Rendered shared/_navbar.html.erb (Duration: 0.2ms | Allocations: 38)
  Rendered layout layouts/application.html.erb (Duration: 6.7ms | Allocations: 3104)
Completed 200 OK in 9ms (Views: 8.3ms | ActiveRecord: 0.0ms | Allocations: 3989)


Started GET "/about" for ::1 at 2024-01-20 18:36:26 +0300
Processing by AboutController#index as HTML
  Rendering layout layouts/application.html.erb
  Rendering about/index.html.erb within layouts/application
  Rendered about/index.html.erb within layouts/application (Duration: 0.6ms | Allocations: 103)
[Webpacker] Everything's up-to-date. Nothing to do
  Rendered shared/_navbar.html.erb (Duration: 1.0ms | Allocations: 228)
  Rendered layout layouts/application.html.erb (Duration: 9.4ms | Allocations: 3650)
Completed 200 OK in 13ms (Views: 11.4ms | ActiveRecord: 0.0ms | Allocations: 4755)


Started GET "/about" for ::1 at 2024-01-20 18:36:30 +0300
Processing by AboutController#index as HTML
  Rendering layout layouts/application.html.erb
  Rendering about/index.html.erb within layouts/application
  Rendered about/index.html.erb within layouts/application (Duration: 0.1ms | Allocations: 36)
[Webpacker] Everything's up-to-date. Nothing to do
  Rendered shared/_navbar.html.erb (Duration: 0.3ms | Allocations: 84)
  Rendered layout layouts/application.html.erb (Duration: 7.7ms | Allocations: 3117)
Completed 200 OK in 9ms (Views: 8.4ms | ActiveRecord: 0.0ms | Allocations: 3496)


Started GET "/about" for ::1 at 2024-01-20 18:36:31 +0300
Processing by AboutController#index as HTML
  Rendering layout layouts/application.html.erb
  Rendering about/index.html.erb within layouts/application
  Rendered about/index.html.erb within layouts/application (Duration: 0.2ms | Allocations: 36)
[Webpacker] Everything's up-to-date. Nothing to do
  Rendered shared/_navbar.html.erb (Duration: 0.4ms | Allocations: 84)
  Rendered layout layouts/application.html.erb (Duration: 10.1ms | Allocations: 3112)
Completed 200 OK in 12ms (Views: 11.2ms | ActiveRecord: 0.0ms | Allocations: 3485)


Started GET "/" for ::1 at 2024-01-20 18:36:35 +0300
Processing by ProjectsController#index as HTML
  Rendering layout layouts/application.html.erb
  Rendering projects/index.html.erb within layouts/application
  Rendered projects/index.html.erb within layouts/application (Duration: 1.0ms | Allocations: 101)
[Webpacker] Everything's up-to-date. Nothing to do
  Rendered shared/_navbar.html.erb (Duration: 0.6ms | Allocations: 89)
  Rendered layout layouts/application.html.erb (Duration: 15.9ms | Allocations: 3186)
Completed 200 OK in 22ms (Views: 19.9ms | ActiveRecord: 0.0ms | Allocations: 4065)


Started GET "/about" for ::1 at 2024-01-20 18:36:37 +0300
Processing by AboutController#index as HTML
  Rendering layout layouts/application.html.erb
  Rendering about/index.html.erb within layouts/application
  Rendered about/index.html.erb within layouts/application (Duration: 0.2ms | Allocations: 36)
[Webpacker] Everything's up-to-date. Nothing to do
  Rendered shared/_navbar.html.erb (Duration: 0.5ms | Allocations: 89)
  Rendered layout layouts/application.html.erb (Duration: 12.2ms | Allocations: 3122)
Completed 200 OK in 15ms (Views: 13.3ms | ActiveRecord: 0.0ms | Allocations: 3501)


Started GET "/" for ::1 at 2024-01-20 18:36:40 +0300
Processing by ProjectsController#index as HTML
  Rendering layout layouts/application.html.erb
  Rendering projects/index.html.erb within layouts/application
  Rendered projects/index.html.erb within layouts/application (Duration: 0.2ms | Allocations: 36)
[Webpacker] Everything's up-to-date. Nothing to do
  Rendered shared/_navbar.html.erb (Duration: 0.4ms | Allocations: 84)
  Rendered layout layouts/application.html.erb (Duration: 10.3ms | Allocations: 3112)
Completed 200 OK in 12ms (Views: 11.2ms | ActiveRecord: 0.0ms | Allocations: 3486)


Started GET "/about" for ::1 at 2024-01-20 18:36:41 +0300
Processing by AboutController#index as HTML
  Rendering layout layouts/application.html.erb
  Rendering about/index.html.erb within layouts/application
  Rendered about/index.html.erb within layouts/application (Duration: 0.2ms | Allocations: 36)
[Webpacker] Everything's up-to-date. Nothing to do
  Rendered shared/_navbar.html.erb (Duration: 0.4ms | Allocations: 84)
  Rendered layout layouts/application.html.erb (Duration: 7.8ms | Allocations: 3112)
Completed 200 OK in 9ms (Views: 8.6ms | ActiveRecord: 0.0ms | Allocations: 3485)


Started GET "/about" for ::1 at 2024-01-20 18:36:49 +0300
Processing by AboutController#index as HTML
  Rendering layout layouts/application.html.erb
  Rendering about/index.html.erb within layouts/application
  Rendered about/index.html.erb within layouts/application (Duration: 0.8ms | Allocations: 103)
[Webpacker] Everything's up-to-date. Nothing to do
  Rendered shared/_navbar.html.erb (Duration: 0.8ms | Allocations: 212)
  Rendered layout layouts/application.html.erb (Duration: 10.5ms | Allocations: 3634)
Completed 200 OK in 14ms (Views: 12.7ms | ActiveRecord: 0.0ms | Allocations: 4739)


Started GET "/" for ::1 at 2024-01-20 18:36:52 +0300
Processing by ProjectsController#index as HTML
  Rendering layout layouts/application.html.erb
  Rendering projects/index.html.erb within layouts/application
  Rendered projects/index.html.erb within layouts/application (Duration: 0.5ms | Allocations: 101)
[Webpacker] Everything's up-to-date. Nothing to do
  Rendered shared/_navbar.html.erb (Duration: 0.6ms | Allocations: 89)
  Rendered layout layouts/application.html.erb (Duration: 9.4ms | Allocations: 3185)
Completed 200 OK in 13ms (Views: 11.6ms | ActiveRecord: 0.0ms | Allocations: 4056)


Started GET "/about" for ::1 at 2024-01-20 18:36:53 +0300
Processing by AboutController#index as HTML
  Rendering layout layouts/application.html.erb
  Rendering about/index.html.erb within layouts/application
  Rendered about/index.html.erb within layouts/application (Duration: 0.2ms | Allocations: 36)
[Webpacker] Everything's up-to-date. Nothing to do
  Rendered shared/_navbar.html.erb (Duration: 0.7ms | Allocations: 89)
  Rendered layout layouts/application.html.erb (Duration: 11.7ms | Allocations: 3123)
Completed 200 OK in 14ms (Views: 12.7ms | ActiveRecord: 0.0ms | Allocations: 3497)


Started GET "/about" for ::1 at 2024-01-20 18:36:56 +0300
Processing by AboutController#index as HTML
  Rendering layout layouts/application.html.erb
  Rendering about/index.html.erb within layouts/application
  Rendered about/index.html.erb within layouts/application (Duration: 0.1ms | Allocations: 36)
[Webpacker] Everything's up-to-date. Nothing to do
  Rendered shared/_navbar.html.erb (Duration: 0.3ms | Allocations: 84)
  Rendered layout layouts/application.html.erb (Duration: 18.0ms | Allocations: 3120)
Completed 200 OK in 20ms (Views: 18.8ms | ActiveRecord: 0.0ms | Allocations: 3494)


Started GET "/about" for ::1 at 2024-01-20 18:37:03 +0300
Processing by AboutController#index as HTML
  Rendering layout layouts/application.html.erb
  Rendering about/index.html.erb within layouts/application
  Rendered about/index.html.erb within layouts/application (Duration: 0.6ms | Allocations: 106)
[Webpacker] Everything's up-to-date. Nothing to do
  Rendered shared/_navbar.html.erb (Duration: 0.9ms | Allocations: 213)
  Rendered layout layouts/application.html.erb (Duration: 12.0ms | Allocations: 3639)
Completed 200 OK in 16ms (Views: 14.0ms | ActiveRecord: 0.0ms | Allocations: 4749)


Started GET "/about" for ::1 at 2024-01-20 18:37:12 +0300
Processing by AboutController#index as HTML
  Rendering layout layouts/application.html.erb
  Rendering about/index.html.erb within layouts/application
  Rendered about/index.html.erb within layouts/application (Duration: 0.4ms | Allocations: 103)
[Webpacker] Everything's up-to-date. Nothing to do
  Rendered shared/_navbar.html.erb (Duration: 0.8ms | Allocations: 211)
  Rendered layout layouts/application.html.erb (Duration: 8.5ms | Allocations: 3633)
Completed 200 OK in 12ms (Views: 10.2ms | ActiveRecord: 0.0ms | Allocations: 4738)


Started GET "/about" for ::1 at 2024-01-20 18:37:52 +0300
Processing by AboutController#index as HTML
  Rendering layout layouts/application.html.erb
  Rendering about/index.html.erb within layouts/application
  Rendered about/index.html.erb within layouts/application (Duration: 0.6ms | Allocations: 103)
[Webpacker] Everything's up-to-date. Nothing to do
  Rendered shared/_navbar.html.erb (Duration: 0.8ms | Allocations: 212)
  Rendered layout layouts/application.html.erb (Duration: 13.2ms | Allocations: 3634)
Completed 200 OK in 17ms (Views: 15.8ms | ActiveRecord: 0.0ms | Allocations: 4740)


Started GET "/about" for ::1 at 2024-01-20 18:38:33 +0300
Processing by AboutController#index as HTML
  Rendering layout layouts/application.html.erb
  Rendering about/index.html.erb within layouts/application
  Rendered about/index.html.erb within layouts/application (Duration: 1.0ms | Allocations: 103)
[Webpacker] Everything's up-to-date. Nothing to do
  Rendered shared/_navbar.html.erb (Duration: 34.7ms | Allocations: 6680)
  Rendered layout layouts/application.html.erb (Duration: 46.1ms | Allocations: 10101)
Completed 500 Internal Server Error in 50ms (Allocations: 11184)


  
ActionView::Template::Error (undefined local variable or method `projects_path' for #<ActionView::Base:0x00000000008818>):
     7:     <div class="collapse navbar-collapse" id="navbarSupportedContent">
     8:       <ul class="navbar-nav me-auto mb-2 mb-lg-0">
     9:         <li class="nav-item">
    10:           <%= link_to "Home", projects_path%>
    11:           <a class="nav-link active" aria-current="page" href="#">Home</a>
    12:         </li>
    13:         <li class="nav-item">
  
app/views/shared/_navbar.html.erb:10
app/views/layouts/application.html.erb:20
Started GET "/about" for ::1 at 2024-01-20 18:39:08 +0300
Processing by AboutController#index as HTML
  Rendering layout layouts/application.html.erb
  Rendering about/index.html.erb within layouts/application
  Rendered about/index.html.erb within layouts/application (Duration: 1.5ms | Allocations: 103)
[Webpacker] Everything's up-to-date. Nothing to do
  Rendered shared/_navbar.html.erb (Duration: 25.9ms | Allocations: 4184)
  Rendered layout layouts/application.html.erb (Duration: 42.1ms | Allocations: 7747)
Completed 500 Internal Server Error in 51ms (Allocations: 8922)


  
ActionView::Template::Error (undefined local variable or method `projects_path' for #<ActionView::Base:0x00000000008cf0>):
     7:     <div class="collapse navbar-collapse" id="navbarSupportedContent">
     8:       <ul class="navbar-nav me-auto mb-2 mb-lg-0">
     9:         <li class="nav-item">
    10:           <%= link_to "Home", projects_path %>
    11:           <a class="nav-link active" aria-current="page" href="#">Home</a>
    12:         </li>
    13:         <li class="nav-item">
  
app/views/shared/_navbar.html.erb:10
app/views/layouts/application.html.erb:20
Started GET "/" for ::1 at 2024-01-20 18:39:09 +0300
Processing by ProjectsController#index as HTML
  Rendering layout layouts/application.html.erb
  Rendering projects/index.html.erb within layouts/application
  Rendered projects/index.html.erb within layouts/application (Duration: 0.6ms | Allocations: 101)
[Webpacker] Everything's up-to-date. Nothing to do
  Rendered shared/_navbar.html.erb (Duration: 28.1ms | Allocations: 4040)
  Rendered layout layouts/application.html.erb (Duration: 39.3ms | Allocations: 7142)
Completed 500 Internal Server Error in 43ms (Allocations: 7991)


  
ActionView::Template::Error (undefined local variable or method `projects_path' for #<ActionView::Base:0x00000000009100>):
     7:     <div class="collapse navbar-collapse" id="navbarSupportedContent">
     8:       <ul class="navbar-nav me-auto mb-2 mb-lg-0">
     9:         <li class="nav-item">
    10:           <%= link_to "Home", projects_path %>
    11:           <a class="nav-link active" aria-current="page" href="#">Home</a>
    12:         </li>
    13:         <li class="nav-item">
  
app/views/shared/_navbar.html.erb:10
app/views/layouts/application.html.erb:20
Started GET "/" for ::1 at 2024-01-20 18:39:13 +0300
Processing by ProjectsController#index as HTML
  Rendering layout layouts/application.html.erb
  Rendering projects/index.html.erb within layouts/application
  Rendered projects/index.html.erb within layouts/application (Duration: 0.2ms | Allocations: 36)
[Webpacker] Everything's up-to-date. Nothing to do
  Rendered shared/_navbar.html.erb (Duration: 17.3ms | Allocations: 4040)
  Rendered layout layouts/application.html.erb (Duration: 27.9ms | Allocations: 7074)
Completed 500 Internal Server Error in 30ms (Allocations: 7421)


  
ActionView::Template::Error (undefined local variable or method `projects_path' for #<ActionView::Base:0x000000000093f8>):
     7:     <div class="collapse navbar-collapse" id="navbarSupportedContent">
     8:       <ul class="navbar-nav me-auto mb-2 mb-lg-0">
     9:         <li class="nav-item">
    10:           <%= link_to "Home", projects_path %>
    11:           <a class="nav-link active" aria-current="page" href="#">Home</a>
    12:         </li>
    13:         <li class="nav-item">
  
app/views/shared/_navbar.html.erb:10
app/views/layouts/application.html.erb:20
Started GET "/" for ::1 at 2024-01-20 18:39:14 +0300
Processing by ProjectsController#index as HTML
  Rendering layout layouts/application.html.erb
  Rendering projects/index.html.erb within layouts/application
  Rendered projects/index.html.erb within layouts/application (Duration: 0.1ms | Allocations: 36)
[Webpacker] Everything's up-to-date. Nothing to do
  Rendered shared/_navbar.html.erb (Duration: 17.4ms | Allocations: 4040)
  Rendered layout layouts/application.html.erb (Duration: 23.9ms | Allocations: 7074)
Completed 500 Internal Server Error in 25ms (Allocations: 7420)


  
ActionView::Template::Error (undefined local variable or method `projects_path' for #<ActionView::Base:0x000000000096c8>):
     7:     <div class="collapse navbar-collapse" id="navbarSupportedContent">
     8:       <ul class="navbar-nav me-auto mb-2 mb-lg-0">
     9:         <li class="nav-item">
    10:           <%= link_to "Home", projects_path %>
    11:           <a class="nav-link active" aria-current="page" href="#">Home</a>
    12:         </li>
    13:         <li class="nav-item">
  
app/views/shared/_navbar.html.erb:10
app/views/layouts/application.html.erb:20
Started GET "/" for ::1 at 2024-01-20 18:39:40 +0300
Processing by ProjectsController#index as HTML
  Rendering layout layouts/application.html.erb
  Rendering projects/index.html.erb within layouts/application
  Rendered projects/index.html.erb within layouts/application (Duration: 1.0ms | Allocations: 101)
[Webpacker] Everything's up-to-date. Nothing to do
  Rendered shared/_navbar.html.erb (Duration: 12.6ms | Allocations: 4202)
  Rendered layout layouts/application.html.erb (Duration: 29.9ms | Allocations: 7634)
Completed 500 Internal Server Error in 35ms (Allocations: 8717)


  
ActionView::Template::Error (undefined local variable or method `root' for #<ActionView::Base:0x00000000009a88>):
     7:     <div class="collapse navbar-collapse" id="navbarSupportedContent">
     8:       <ul class="navbar-nav me-auto mb-2 mb-lg-0">
     9:         <li class="nav-item">
    10:           <%= link_to "Home", root %>
    11:           <a class="nav-link active" aria-current="page" href="#">Home</a>
    12:         </li>
    13:         <li class="nav-item">
  
app/views/shared/_navbar.html.erb:10
app/views/layouts/application.html.erb:20
Started GET "/" for ::1 at 2024-01-20 18:39:49 +0300
Processing by ProjectsController#index as HTML
  Rendering layout layouts/application.html.erb
  Rendering projects/index.html.erb within layouts/application
  Rendered projects/index.html.erb within layouts/application (Duration: 0.9ms | Allocations: 101)
[Webpacker] Everything's up-to-date. Nothing to do
  Rendered shared/_navbar.html.erb (Duration: 1.2ms | Allocations: 271)
  Rendered layout layouts/application.html.erb (Duration: 15.2ms | Allocations: 3699)
Completed 200 OK in 21ms (Views: 18.9ms | Allocations: 4818)


Started GET "/" for ::1 at 2024-01-20 18:40:09 +0300
Processing by ProjectsController#index as HTML
  Rendering layout layouts/application.html.erb
  Rendering projects/index.html.erb within layouts/application
  Rendered projects/index.html.erb within layouts/application (Duration: 0.9ms | Allocations: 101)
[Webpacker] Everything's up-to-date. Nothing to do
  Rendered shared/_navbar.html.erb (Duration: 1.6ms | Allocations: 267)
  Rendered layout layouts/application.html.erb (Duration: 16.2ms | Allocations: 3687)
Completed 200 OK in 23ms (Views: 20.3ms | Allocations: 4792)


Started GET "/" for ::1 at 2024-01-20 18:40:26 +0300
Processing by ProjectsController#index as HTML
  Rendering layout layouts/application.html.erb
  Rendering projects/index.html.erb within layouts/application
  Rendered projects/index.html.erb within layouts/application (Duration: 0.7ms | Allocations: 101)
[Webpacker] Everything's up-to-date. Nothing to do
  Rendered shared/_navbar.html.erb (Duration: 1.6ms | Allocations: 271)
  Rendered layout layouts/application.html.erb (Duration: 21.8ms | Allocations: 3692)
Completed 200 OK in 27ms (Views: 25.1ms | Allocations: 4798)


Started GET "/" for ::1 at 2024-01-20 18:40:29 +0300
Processing by ProjectsController#index as HTML
  Rendering layout layouts/application.html.erb
  Rendering projects/index.html.erb within layouts/application
  Rendered projects/index.html.erb within layouts/application (Duration: 0.3ms | Allocations: 36)
[Webpacker] Everything's up-to-date. Nothing to do
  Rendered shared/_navbar.html.erb (Duration: 0.5ms | Allocations: 119)
  Rendered layout layouts/application.html.erb (Duration: 11.3ms | Allocations: 3153)
Completed 200 OK in 14ms (Views: 12.5ms | Allocations: 3527)


Started GET "/about" for ::1 at 2024-01-20 18:40:30 +0300
Processing by AboutController#index as HTML
  Rendering layout layouts/application.html.erb
  Rendering about/index.html.erb within layouts/application
  Rendered about/index.html.erb within layouts/application (Duration: 1.4ms | Allocations: 103)
[Webpacker] Everything's up-to-date. Nothing to do
  Rendered shared/_navbar.html.erb (Duration: 0.6ms | Allocations: 125)
  Rendered layout layouts/application.html.erb (Duration: 14.1ms | Allocations: 3223)
Completed 200 OK in 20ms (Views: 17.7ms | Allocations: 4098)


Started GET "/" for ::1 at 2024-01-20 18:40:31 +0300
Processing by ProjectsController#index as HTML
  Rendering layout layouts/application.html.erb
  Rendering projects/index.html.erb within layouts/application
  Rendered projects/index.html.erb within layouts/application (Duration: 0.2ms | Allocations: 36)
[Webpacker] Everything's up-to-date. Nothing to do
  Rendered shared/_navbar.html.erb (Duration: 0.6ms | Allocations: 125)
  Rendered layout layouts/application.html.erb (Duration: 12.9ms | Allocations: 3156)
Completed 200 OK in 15ms (Views: 14.0ms | Allocations: 3530)


  [1m[35m (0.3ms)[0m  [1m[34mSELECT pg_try_advisory_lock(8585371506531869175)[0m
  [1m[35m (1.1ms)[0m  [1m[34mSELECT "schema_migrations"."version" FROM "schema_migrations" ORDER BY "schema_migrations"."version" ASC[0m
  [1m[36mActiveRecord::InternalMetadata Load (0.9ms)[0m  [1m[34mSELECT "ar_internal_metadata".* FROM "ar_internal_metadata" WHERE "ar_internal_metadata"."key" = $1 LIMIT $2[0m  [["key", "environment"], ["LIMIT", 1]]
  [1m[35m (0.3ms)[0m  [1m[34mSELECT pg_advisory_unlock(8585371506531869175)[0m
  [1m[35m (0.5ms)[0m  [1m[34mSELECT "schema_migrations"."version" FROM "schema_migrations" ORDER BY "schema_migrations"."version" ASC[0m
  [1m[35m (0.2ms)[0m  [1m[34mSELECT pg_try_advisory_lock(8585371506531869175)[0m
  [1m[35m (0.8ms)[0m  [1m[34mSELECT "schema_migrations"."version" FROM "schema_migrations" ORDER BY "schema_migrations"."version" ASC[0m
  [1m[36mActiveRecord::InternalMetadata Load (0.4ms)[0m  [1m[34mSELECT "ar_internal_metadata".* FROM "ar_internal_metadata" WHERE "ar_internal_metadata"."key" = $1 LIMIT $2[0m  [["key", "environment"], ["LIMIT", 1]]
  [1m[35m (0.4ms)[0m  [1m[34mSELECT pg_advisory_unlock(8585371506531869175)[0m
  [1m[35m (1.0ms)[0m  [1m[34mSELECT "schema_migrations"."version" FROM "schema_migrations" ORDER BY "schema_migrations"."version" ASC[0m
  [1m[36mTRANSACTION (0.3ms)[0m  [1m[35mBEGIN[0m
  [1m[36mProject Create (8.8ms)[0m  [1m[32mINSERT INTO "projects" ("title", "description", "created_at", "updated_at") VALUES ($1, $2, $3, $4) RETURNING "id"[0m  [["title", "PetPortalProject"], ["description", "the very first project"], ["created_at", "2024-01-20 21:52:22.314144"], ["updated_at", "2024-01-20 21:52:22.314144"]]
  [1m[36mTRANSACTION (19.8ms)[0m  [1m[35mCOMMIT[0m
  [1m[36mTRANSACTION (0.4ms)[0m  [1m[35mBEGIN[0m
  [1m[36mProject Create (0.6ms)[0m  [1m[32mINSERT INTO "projects" ("title", "description", "created_at", "updated_at") VALUES ($1, $2, $3, $4) RETURNING "id"[0m  [["title", "FitnessApp"], ["description", "the second project"], ["created_at", "2024-01-20 21:53:12.631725"], ["updated_at", "2024-01-20 21:53:12.631725"]]
  [1m[36mTRANSACTION (13.4ms)[0m  [1m[35mCOMMIT[0m
  [1m[36mProject Load (0.4ms)[0m  [1m[34mSELECT "projects".* FROM "projects" /* loading for inspect */ LIMIT $1[0m  [["LIMIT", 11]]
  [1m[35m (0.6ms)[0m  [1m[34mSELECT "schema_migrations"."version" FROM "schema_migrations" ORDER BY "schema_migrations"."version" ASC[0m
  [1m[35m (0.4ms)[0m  [1m[34mSELECT "ar_internal_metadata"."value" FROM "ar_internal_metadata" WHERE "ar_internal_metadata"."key" = $1[0m  [["key", "environment"]]
  [1m[35m (0.3ms)[0m  [1m[34mSELECT "schema_migrations"."version" FROM "schema_migrations" ORDER BY "schema_migrations"."version" ASC[0m
  [1m[35m (0.2ms)[0m  [1m[34mSELECT "ar_internal_metadata"."value" FROM "ar_internal_metadata" WHERE "ar_internal_metadata"."key" = $1[0m  [["key", "environment"]]
  [1m[35m (0.3ms)[0m  [1m[34mSELECT "schema_migrations"."version" FROM "schema_migrations" ORDER BY "schema_migrations"."version" ASC[0m
  [1m[35m (0.2ms)[0m  [1m[34mSELECT "ar_internal_metadata"."value" FROM "ar_internal_metadata" WHERE "ar_internal_metadata"."key" = $1[0m  [["key", "environment"]]
  [1m[35m (5016.2ms)[0m  [1m[35mDROP DATABASE IF EXISTS "pet_portal_development"[0m
  [1m[35m (0.8ms)[0m  [1m[34mSELECT "schema_migrations"."version" FROM "schema_migrations" ORDER BY "schema_migrations"."version" ASC[0m
  [1m[35m (0.4ms)[0m  [1m[34mSELECT "ar_internal_metadata"."value" FROM "ar_internal_metadata" WHERE "ar_internal_metadata"."key" = $1[0m  [["key", "environment"]]
  [1m[35m (0.3ms)[0m  [1m[34mSELECT "schema_migrations"."version" FROM "schema_migrations" ORDER BY "schema_migrations"."version" ASC[0m
  [1m[35m (0.2ms)[0m  [1m[34mSELECT "ar_internal_metadata"."value" FROM "ar_internal_metadata" WHERE "ar_internal_metadata"."key" = $1[0m  [["key", "environment"]]
  [1m[35m (0.2ms)[0m  [1m[34mSELECT "schema_migrations"."version" FROM "schema_migrations" ORDER BY "schema_migrations"."version" ASC[0m
  [1m[35m (0.2ms)[0m  [1m[34mSELECT "ar_internal_metadata"."value" FROM "ar_internal_metadata" WHERE "ar_internal_metadata"."key" = $1[0m  [["key", "environment"]]
  [1m[35m (296.2ms)[0m  [1m[35mDROP DATABASE IF EXISTS "pet_portal_development"[0m
  [1m[35m (876.2ms)[0m  [1m[35mCREATE DATABASE "pet_portal_development" ENCODING = 'utf8'[0m
  [1m[35mSQL (0.8ms)[0m  [1m[35mCREATE EXTENSION IF NOT EXISTS "plpgsql"[0m
  [1m[35m (0.4ms)[0m  [1m[35mDROP TABLE IF EXISTS "projects" CASCADE[0m
  [1m[35m (93.9ms)[0m  [1m[35mCREATE TABLE "projects" ("id" bigserial primary key, "title" text, "description" text, "user_id" integer, "created_at" timestamp(6) NOT NULL, "updated_at" timestamp(6) NOT NULL)[0m
  [1m[35m (92.6ms)[0m  [1m[35mCREATE TABLE "schema_migrations" ("version" character varying NOT NULL PRIMARY KEY)[0m
  [1m[35m (0.8ms)[0m  [1m[34mSELECT "schema_migrations"."version" FROM "schema_migrations" ORDER BY "schema_migrations"."version" ASC[0m
  [1m[35m (14.4ms)[0m  [1m[32mINSERT INTO "schema_migrations" (version) VALUES (20240120141922)[0m
  [1m[35m (114.8ms)[0m  [1m[35mCREATE TABLE "ar_internal_metadata" ("key" character varying NOT NULL PRIMARY KEY, "value" character varying, "created_at" timestamp(6) NOT NULL, "updated_at" timestamp(6) NOT NULL)[0m
  [1m[36mActiveRecord::InternalMetadata Load (0.5ms)[0m  [1m[34mSELECT "ar_internal_metadata".* FROM "ar_internal_metadata" WHERE "ar_internal_metadata"."key" = $1 LIMIT $2[0m  [["key", "environment"], ["LIMIT", 1]]
  [1m[36mTRANSACTION (0.3ms)[0m  [1m[35mBEGIN[0m
  [1m[36mActiveRecord::InternalMetadata Create (0.8ms)[0m  [1m[32mINSERT INTO "ar_internal_metadata" ("key", "value", "created_at", "updated_at") VALUES ($1, $2, $3, $4) RETURNING "key"[0m  [["key", "environment"], ["value", "development"], ["created_at", "2024-01-20 22:15:48.738720"], ["updated_at", "2024-01-20 22:15:48.738720"]]
  [1m[36mTRANSACTION (18.8ms)[0m  [1m[35mCOMMIT[0m
  [1m[36mActiveRecord::InternalMetadata Load (0.4ms)[0m  [1m[34mSELECT "ar_internal_metadata".* FROM "ar_internal_metadata" WHERE "ar_internal_metadata"."key" = $1 LIMIT $2[0m  [["key", "environment"], ["LIMIT", 1]]
  [1m[36mActiveRecord::InternalMetadata Load (0.4ms)[0m  [1m[34mSELECT "ar_internal_metadata".* FROM "ar_internal_metadata" WHERE "ar_internal_metadata"."key" = $1 LIMIT $2[0m  [["key", "schema_sha1"], ["LIMIT", 1]]
  [1m[36mTRANSACTION (0.2ms)[0m  [1m[35mBEGIN[0m
  [1m[36mActiveRecord::InternalMetadata Create (0.3ms)[0m  [1m[32mINSERT INTO "ar_internal_metadata" ("key", "value", "created_at", "updated_at") VALUES ($1, $2, $3, $4) RETURNING "key"[0m  [["key", "schema_sha1"], ["value", "0856e8b95ce489ff15681687f4e66556eb0a4d0a"], ["created_at", "2024-01-20 22:15:48.789560"], ["updated_at", "2024-01-20 22:15:48.789560"]]
  [1m[36mTRANSACTION (13.9ms)[0m  [1m[35mCOMMIT[0m
  [1m[35m (1.0ms)[0m  [1m[34mSELECT "schema_migrations"."version" FROM "schema_migrations" ORDER BY "schema_migrations"."version" ASC[0m
  [1m[36mTRANSACTION (0.2ms)[0m  [1m[35mBEGIN[0m
  [1m[36mProject Create (0.9ms)[0m  [1m[32mINSERT INTO "projects" ("title", "description", "created_at", "updated_at") VALUES ($1, $2, $3, $4) RETURNING "id"[0m  [["title", "FitnessApp"], ["description", "the second project"], ["created_at", "2024-01-20 22:16:14.377494"], ["updated_at", "2024-01-20 22:16:14.377494"]]
  [1m[36mTRANSACTION (22.4ms)[0m  [1m[35mCOMMIT[0m
  [1m[36mProject Load (0.5ms)[0m  [1m[34mSELECT "projects".* FROM "projects" /* loading for inspect */ LIMIT $1[0m  [["LIMIT", 11]]
  [1m[36mTRANSACTION (0.3ms)[0m  [1m[35mBEGIN[0m
  [1m[36mProject Create (0.6ms)[0m  [1m[32mINSERT INTO "projects" ("description", "created_at", "updated_at") VALUES ($1, $2, $3) RETURNING "id"[0m  [["description", "the very first project"], ["created_at", "2024-01-20 22:16:33.655377"], ["updated_at", "2024-01-20 22:16:33.655377"]]
  [1m[36mTRANSACTION (50.6ms)[0m  [1m[35mCOMMIT[0m
  [1m[36mProject Load (0.6ms)[0m  [1m[34mSELECT "projects".* FROM "projects" /* loading for inspect */ LIMIT $1[0m  [["LIMIT", 11]]
  [1m[35m (0.9ms)[0m  [1m[34mSELECT "schema_migrations"."version" FROM "schema_migrations" ORDER BY "schema_migrations"."version" ASC[0m
  [1m[35m (0.4ms)[0m  [1m[34mSELECT "ar_internal_metadata"."value" FROM "ar_internal_metadata" WHERE "ar_internal_metadata"."key" = $1[0m  [["key", "environment"]]
  [1m[35m (0.3ms)[0m  [1m[34mSELECT "schema_migrations"."version" FROM "schema_migrations" ORDER BY "schema_migrations"."version" ASC[0m
  [1m[35m (0.2ms)[0m  [1m[34mSELECT "ar_internal_metadata"."value" FROM "ar_internal_metadata" WHERE "ar_internal_metadata"."key" = $1[0m  [["key", "environment"]]
  [1m[35m (0.3ms)[0m  [1m[34mSELECT "schema_migrations"."version" FROM "schema_migrations" ORDER BY "schema_migrations"."version" ASC[0m
  [1m[35m (0.2ms)[0m  [1m[34mSELECT "ar_internal_metadata"."value" FROM "ar_internal_metadata" WHERE "ar_internal_metadata"."key" = $1[0m  [["key", "environment"]]
  [1m[35m (451.4ms)[0m  [1m[35mDROP DATABASE IF EXISTS "pet_portal_development"[0m
  [1m[35m (694.3ms)[0m  [1m[35mCREATE DATABASE "pet_portal_development" ENCODING = 'utf8'[0m
  [1m[35mSQL (0.7ms)[0m  [1m[35mCREATE EXTENSION IF NOT EXISTS "plpgsql"[0m
  [1m[35m (0.4ms)[0m  [1m[35mDROP TABLE IF EXISTS "projects" CASCADE[0m
  [1m[35m (105.1ms)[0m  [1m[35mCREATE TABLE "projects" ("id" bigserial primary key, "title" text, "description" text, "user_id" integer, "created_at" timestamp(6) NOT NULL, "updated_at" timestamp(6) NOT NULL)[0m
  [1m[35m (99.3ms)[0m  [1m[35mCREATE TABLE "schema_migrations" ("version" character varying NOT NULL PRIMARY KEY)[0m
  [1m[35m (0.6ms)[0m  [1m[34mSELECT "schema_migrations"."version" FROM "schema_migrations" ORDER BY "schema_migrations"."version" ASC[0m
  [1m[35m (32.0ms)[0m  [1m[32mINSERT INTO "schema_migrations" (version) VALUES (20240120141922)[0m
  [1m[35m (131.7ms)[0m  [1m[35mCREATE TABLE "ar_internal_metadata" ("key" character varying NOT NULL PRIMARY KEY, "value" character varying, "created_at" timestamp(6) NOT NULL, "updated_at" timestamp(6) NOT NULL)[0m
  [1m[36mActiveRecord::InternalMetadata Load (0.6ms)[0m  [1m[34mSELECT "ar_internal_metadata".* FROM "ar_internal_metadata" WHERE "ar_internal_metadata"."key" = $1 LIMIT $2[0m  [["key", "environment"], ["LIMIT", 1]]
  [1m[36mTRANSACTION (0.3ms)[0m  [1m[35mBEGIN[0m
  [1m[36mActiveRecord::InternalMetadata Create (0.9ms)[0m  [1m[32mINSERT INTO "ar_internal_metadata" ("key", "value", "created_at", "updated_at") VALUES ($1, $2, $3, $4) RETURNING "key"[0m  [["key", "environment"], ["value", "development"], ["created_at", "2024-01-20 22:18:27.777066"], ["updated_at", "2024-01-20 22:18:27.777066"]]
  [1m[36mTRANSACTION (17.8ms)[0m  [1m[35mCOMMIT[0m
  [1m[36mActiveRecord::InternalMetadata Load (0.4ms)[0m  [1m[34mSELECT "ar_internal_metadata".* FROM "ar_internal_metadata" WHERE "ar_internal_metadata"."key" = $1 LIMIT $2[0m  [["key", "environment"], ["LIMIT", 1]]
  [1m[36mActiveRecord::InternalMetadata Load (0.5ms)[0m  [1m[34mSELECT "ar_internal_metadata".* FROM "ar_internal_metadata" WHERE "ar_internal_metadata"."key" = $1 LIMIT $2[0m  [["key", "schema_sha1"], ["LIMIT", 1]]
  [1m[36mTRANSACTION (0.2ms)[0m  [1m[35mBEGIN[0m
  [1m[36mActiveRecord::InternalMetadata Create (0.5ms)[0m  [1m[32mINSERT INTO "ar_internal_metadata" ("key", "value", "created_at", "updated_at") VALUES ($1, $2, $3, $4) RETURNING "key"[0m  [["key", "schema_sha1"], ["value", "0856e8b95ce489ff15681687f4e66556eb0a4d0a"], ["created_at", "2024-01-20 22:18:27.812635"], ["updated_at", "2024-01-20 22:18:27.812635"]]
  [1m[36mTRANSACTION (18.2ms)[0m  [1m[35mCOMMIT[0m
  [1m[35m (1.0ms)[0m  [1m[34mSELECT "schema_migrations"."version" FROM "schema_migrations" ORDER BY "schema_migrations"."version" ASC[0m
  [1m[36mTRANSACTION (0.2ms)[0m  [1m[35mBEGIN[0m
  [1m[36mProject Create (0.9ms)[0m  [1m[32mINSERT INTO "projects" ("description", "created_at", "updated_at") VALUES ($1, $2, $3) RETURNING "id"[0m  [["description", "the very first project"], ["created_at", "2024-01-20 22:18:38.720971"], ["updated_at", "2024-01-20 22:18:38.720971"]]
  [1m[36mTRANSACTION (46.1ms)[0m  [1m[35mCOMMIT[0m
  [1m[36mProject Load (0.5ms)[0m  [1m[34mSELECT "projects".* FROM "projects" /* loading for inspect */ LIMIT $1[0m  [["LIMIT", 11]]
  [1m[35m (0.7ms)[0m  [1m[34mSELECT "schema_migrations"."version" FROM "schema_migrations" ORDER BY "schema_migrations"."version" ASC[0m
  [1m[35m (0.3ms)[0m  [1m[34mSELECT "ar_internal_metadata"."value" FROM "ar_internal_metadata" WHERE "ar_internal_metadata"."key" = $1[0m  [["key", "environment"]]
  [1m[35m (0.2ms)[0m  [1m[34mSELECT "schema_migrations"."version" FROM "schema_migrations" ORDER BY "schema_migrations"."version" ASC[0m
  [1m[35m (0.2ms)[0m  [1m[34mSELECT "ar_internal_metadata"."value" FROM "ar_internal_metadata" WHERE "ar_internal_metadata"."key" = $1[0m  [["key", "environment"]]
  [1m[35m (0.2ms)[0m  [1m[34mSELECT "schema_migrations"."version" FROM "schema_migrations" ORDER BY "schema_migrations"."version" ASC[0m
  [1m[35m (0.2ms)[0m  [1m[34mSELECT "ar_internal_metadata"."value" FROM "ar_internal_metadata" WHERE "ar_internal_metadata"."key" = $1[0m  [["key", "environment"]]
  [1m[35m (349.2ms)[0m  [1m[35mDROP DATABASE IF EXISTS "pet_portal_development"[0m
  [1m[35m (779.0ms)[0m  [1m[35mCREATE DATABASE "pet_portal_development" ENCODING = 'utf8'[0m
  [1m[35mSQL (0.9ms)[0m  [1m[35mCREATE EXTENSION IF NOT EXISTS "plpgsql"[0m
  [1m[35m (0.3ms)[0m  [1m[35mDROP TABLE IF EXISTS "projects" CASCADE[0m
  [1m[35m (97.9ms)[0m  [1m[35mCREATE TABLE "projects" ("id" bigserial primary key, "title" text, "description" text, "user_id" integer, "created_at" timestamp(6) NOT NULL, "updated_at" timestamp(6) NOT NULL)[0m
  [1m[35m (94.1ms)[0m  [1m[35mCREATE TABLE "schema_migrations" ("version" character varying NOT NULL PRIMARY KEY)[0m
  [1m[35m (0.8ms)[0m  [1m[34mSELECT "schema_migrations"."version" FROM "schema_migrations" ORDER BY "schema_migrations"."version" ASC[0m
  [1m[35m (19.2ms)[0m  [1m[32mINSERT INTO "schema_migrations" (version) VALUES (20240120141922)[0m
  [1m[35m (90.6ms)[0m  [1m[35mCREATE TABLE "ar_internal_metadata" ("key" character varying NOT NULL PRIMARY KEY, "value" character varying, "created_at" timestamp(6) NOT NULL, "updated_at" timestamp(6) NOT NULL)[0m
  [1m[36mActiveRecord::InternalMetadata Load (0.6ms)[0m  [1m[34mSELECT "ar_internal_metadata".* FROM "ar_internal_metadata" WHERE "ar_internal_metadata"."key" = $1 LIMIT $2[0m  [["key", "environment"], ["LIMIT", 1]]
  [1m[36mTRANSACTION (0.3ms)[0m  [1m[35mBEGIN[0m
  [1m[36mActiveRecord::InternalMetadata Create (0.8ms)[0m  [1m[32mINSERT INTO "ar_internal_metadata" ("key", "value", "created_at", "updated_at") VALUES ($1, $2, $3, $4) RETURNING "key"[0m  [["key", "environment"], ["value", "development"], ["created_at", "2024-01-20 22:19:18.151796"], ["updated_at", "2024-01-20 22:19:18.151796"]]
  [1m[36mTRANSACTION (15.9ms)[0m  [1m[35mCOMMIT[0m
  [1m[36mActiveRecord::InternalMetadata Load (0.4ms)[0m  [1m[34mSELECT "ar_internal_metadata".* FROM "ar_internal_metadata" WHERE "ar_internal_metadata"."key" = $1 LIMIT $2[0m  [["key", "environment"], ["LIMIT", 1]]
  [1m[36mActiveRecord::InternalMetadata Load (0.4ms)[0m  [1m[34mSELECT "ar_internal_metadata".* FROM "ar_internal_metadata" WHERE "ar_internal_metadata"."key" = $1 LIMIT $2[0m  [["key", "schema_sha1"], ["LIMIT", 1]]
  [1m[36mTRANSACTION (0.2ms)[0m  [1m[35mBEGIN[0m
  [1m[36mActiveRecord::InternalMetadata Create (0.5ms)[0m  [1m[32mINSERT INTO "ar_internal_metadata" ("key", "value", "created_at", "updated_at") VALUES ($1, $2, $3, $4) RETURNING "key"[0m  [["key", "schema_sha1"], ["value", "0856e8b95ce489ff15681687f4e66556eb0a4d0a"], ["created_at", "2024-01-20 22:19:18.185600"], ["updated_at", "2024-01-20 22:19:18.185600"]]
  [1m[36mTRANSACTION (18.2ms)[0m  [1m[35mCOMMIT[0m
  [1m[35m (1.1ms)[0m  [1m[34mSELECT "schema_migrations"."version" FROM "schema_migrations" ORDER BY "schema_migrations"."version" ASC[0m
  [1m[35m (0.8ms)[0m  [1m[34mSELECT "schema_migrations"."version" FROM "schema_migrations" ORDER BY "schema_migrations"."version" ASC[0m
  [1m[35m (0.3ms)[0m  [1m[34mSELECT "schema_migrations"."version" FROM "schema_migrations" ORDER BY "schema_migrations"."version" ASC[0m
  [1m[35m (0.2ms)[0m  [1m[34mSELECT "schema_migrations"."version" FROM "schema_migrations" ORDER BY "schema_migrations"."version" ASC[0m
  [1m[35m (0.2ms)[0m  [1m[34mSELECT pg_try_advisory_lock(8585371506531869175)[0m
  [1m[35m (0.3ms)[0m  [1m[34mSELECT "schema_migrations"."version" FROM "schema_migrations" ORDER BY "schema_migrations"."version" ASC[0m
Migrating to CreateProjects (20240120141922)
  [1m[36mTRANSACTION (0.2ms)[0m  [1m[35mBEGIN[0m
  [1m[35m (2.1ms)[0m  [1m[35mDROP TABLE "projects"[0m
  [1m[36mActiveRecord::SchemaMigration Destroy (0.6ms)[0m  [1m[31mDELETE FROM "schema_migrations" WHERE "schema_migrations"."version" = $1[0m  [["version", "20240120141922"]]
  [1m[36mTRANSACTION (12.8ms)[0m  [1m[35mCOMMIT[0m
  [1m[35m (0.7ms)[0m  [1m[34mSELECT pg_advisory_unlock(8585371506531869175)[0m
  [1m[35m (0.6ms)[0m  [1m[34mSELECT "schema_migrations"."version" FROM "schema_migrations" ORDER BY "schema_migrations"."version" ASC[0m
  [1m[35m (0.2ms)[0m  [1m[34mSELECT pg_try_advisory_lock(8585371506531869175)[0m
  [1m[35m (0.8ms)[0m  [1m[34mSELECT "schema_migrations"."version" FROM "schema_migrations" ORDER BY "schema_migrations"."version" ASC[0m
Migrating to CreateProjects (20240120141922)
  [1m[36mTRANSACTION (0.2ms)[0m  [1m[35mBEGIN[0m
  [1m[35m (76.3ms)[0m  [1m[35mCREATE TABLE "projects" ("id" bigserial primary key, "title" text NOT NULL, "description" text, "user_id" integer, "created_at" timestamp(6) NOT NULL, "updated_at" timestamp(6) NOT NULL)[0m
  [1m[36mActiveRecord::SchemaMigration Create (0.4ms)[0m  [1m[32mINSERT INTO "schema_migrations" ("version") VALUES ($1) RETURNING "version"[0m  [["version", "20240120141922"]]
  [1m[36mTRANSACTION (17.4ms)[0m  [1m[35mCOMMIT[0m
  [1m[36mActiveRecord::InternalMetadata Load (0.4ms)[0m  [1m[34mSELECT "ar_internal_metadata".* FROM "ar_internal_metadata" WHERE "ar_internal_metadata"."key" = $1 LIMIT $2[0m  [["key", "environment"], ["LIMIT", 1]]
  [1m[35m (0.3ms)[0m  [1m[34mSELECT pg_advisory_unlock(8585371506531869175)[0m
  [1m[35m (0.9ms)[0m  [1m[34mSELECT "schema_migrations"."version" FROM "schema_migrations" ORDER BY "schema_migrations"."version" ASC[0m
  [1m[36mProject Load (0.3ms)[0m  [1m[34mSELECT "projects".* FROM "projects" /* loading for inspect */ LIMIT $1[0m  [["LIMIT", 11]]
  [1m[36mTRANSACTION (0.3ms)[0m  [1m[35mBEGIN[0m
  [1m[36mProject Create (2.4ms)[0m  [1m[32mINSERT INTO "projects" ("description", "created_at", "updated_at") VALUES ($1, $2, $3) RETURNING "id"[0m  [["description", "the very first project"], ["created_at", "2024-01-20 22:20:11.112081"], ["updated_at", "2024-01-20 22:20:11.112081"]]
  [1m[36mTRANSACTION (0.4ms)[0m  [1m[31mROLLBACK[0m
  [1m[36mProject Load (0.9ms)[0m  [1m[34mSELECT "projects".* FROM "projects" /* loading for inspect */ LIMIT $1[0m  [["LIMIT", 11]]
  [1m[35m (1780.8ms)[0m  [1m[35mCREATE DATABASE "pet_portal_development" ENCODING = 'utf8'[0m
Started GET "/" for 127.0.0.1 at 2024-01-22 03:19:17 +0300
  [1m[35m (199.9ms)[0m  [1m[35mCREATE TABLE "schema_migrations" ("version" character varying NOT NULL PRIMARY KEY)[0m
  [1m[35m (154.3ms)[0m  [1m[35mCREATE TABLE "ar_internal_metadata" ("key" character varying NOT NULL PRIMARY KEY, "value" character varying, "created_at" timestamp(6) NOT NULL, "updated_at" timestamp(6) NOT NULL)[0m
  [1m[35m (1.1ms)[0m  [1m[34mSELECT "schema_migrations"."version" FROM "schema_migrations" ORDER BY "schema_migrations"."version" ASC[0m
  
ActiveRecord::PendingMigrationError (

Migrations are pending. To resolve this issue, run:

        bin/rails db:migrate RAILS_ENV=development

You have 1 pending migration:

20240120141922_create_projects.rb


):
  
activerecord (6.1.7.6) lib/active_record/migration.rb:625:in `check_pending!'
activerecord (6.1.7.6) lib/active_record/migration.rb:590:in `block (2 levels) in call'
activesupport (6.1.7.6) lib/active_support/evented_file_update_checker.rb:59:in `execute'
activerecord (6.1.7.6) lib/active_record/migration.rb:595:in `block in call'
activerecord (6.1.7.6) lib/active_record/migration.rb:587:in `synchronize'
activerecord (6.1.7.6) lib/active_record/migration.rb:587:in `call'
actionpack (6.1.7.6) lib/action_dispatch/middleware/callbacks.rb:27:in `block in call'
activesupport (6.1.7.6) lib/active_support/callbacks.rb:98:in `run_callbacks'
actionpack (6.1.7.6) lib/action_dispatch/middleware/callbacks.rb:26:in `call'
actionpack (6.1.7.6) lib/action_dispatch/middleware/executor.rb:14:in `call'
actionpack (6.1.7.6) lib/action_dispatch/middleware/actionable_exceptions.rb:18:in `call'
actionpack (6.1.7.6) lib/action_dispatch/middleware/debug_exceptions.rb:29:in `call'
web-console (4.2.1) lib/web_console/middleware.rb:132:in `call_app'
web-console (4.2.1) lib/web_console/middleware.rb:28:in `block in call'
web-console (4.2.1) lib/web_console/middleware.rb:17:in `catch'
web-console (4.2.1) lib/web_console/middleware.rb:17:in `call'
actionpack (6.1.7.6) lib/action_dispatch/middleware/show_exceptions.rb:33:in `call'
railties (6.1.7.6) lib/rails/rack/logger.rb:37:in `call_app'
railties (6.1.7.6) lib/rails/rack/logger.rb:26:in `block in call'
activesupport (6.1.7.6) lib/active_support/tagged_logging.rb:99:in `block in tagged'
activesupport (6.1.7.6) lib/active_support/tagged_logging.rb:37:in `tagged'
activesupport (6.1.7.6) lib/active_support/tagged_logging.rb:99:in `tagged'
railties (6.1.7.6) lib/rails/rack/logger.rb:26:in `call'
sprockets-rails (3.4.2) lib/sprockets/rails/quiet_assets.rb:13:in `call'
actionpack (6.1.7.6) lib/action_dispatch/middleware/remote_ip.rb:81:in `call'
actionpack (6.1.7.6) lib/action_dispatch/middleware/request_id.rb:26:in `call'
rack (2.2.8) lib/rack/method_override.rb:24:in `call'
rack (2.2.8) lib/rack/runtime.rb:22:in `call'
activesupport (6.1.7.6) lib/active_support/cache/strategy/local_cache_middleware.rb:29:in `call'
actionpack (6.1.7.6) lib/action_dispatch/middleware/executor.rb:14:in `call'
actionpack (6.1.7.6) lib/action_dispatch/middleware/static.rb:24:in `call'
rack (2.2.8) lib/rack/sendfile.rb:110:in `call'
actionpack (6.1.7.6) lib/action_dispatch/middleware/host_authorization.rb:148:in `call'
rack-mini-profiler (2.3.4) lib/mini_profiler/profiler.rb:393:in `call'
webpacker (5.4.4) lib/webpacker/dev_server_proxy.rb:25:in `perform_request'
rack-proxy (0.7.7) lib/rack/proxy.rb:87:in `call'
railties (6.1.7.6) lib/rails/engine.rb:539:in `call'
puma (5.6.8) lib/puma/configuration.rb:252:in `call'
puma (5.6.8) lib/puma/request.rb:77:in `block in handle_request'
puma (5.6.8) lib/puma/thread_pool.rb:340:in `with_force_shutdown'
puma (5.6.8) lib/puma/request.rb:76:in `handle_request'
puma (5.6.8) lib/puma/server.rb:443:in `process_client'
puma (5.6.8) lib/puma/thread_pool.rb:147:in `block in spawn_thread'
  [1m[35m (0.2ms)[0m  [1m[34mSELECT pg_try_advisory_lock(8585371506531869175)[0m
  [1m[35m (0.5ms)[0m  [1m[34mSELECT "schema_migrations"."version" FROM "schema_migrations" ORDER BY "schema_migrations"."version" ASC[0m
Migrating to CreateProjects (20240120141922)
  [1m[36mTRANSACTION (0.3ms)[0m  [1m[35mBEGIN[0m
  [1m[35m (173.1ms)[0m  [1m[35mCREATE TABLE "projects" ("id" bigserial primary key, "title" text NOT NULL, "description" text, "user_id" integer, "created_at" timestamp(6) NOT NULL, "updated_at" timestamp(6) NOT NULL)[0m
  [1m[36mActiveRecord::SchemaMigration Create (1.3ms)[0m  [1m[32mINSERT INTO "schema_migrations" ("version") VALUES ($1) RETURNING "version"[0m  [["version", "20240120141922"]]
  [1m[36mTRANSACTION (28.2ms)[0m  [1m[35mCOMMIT[0m
  [1m[36mActiveRecord::InternalMetadata Load (0.4ms)[0m  [1m[34mSELECT "ar_internal_metadata".* FROM "ar_internal_metadata" WHERE "ar_internal_metadata"."key" = $1 LIMIT $2[0m  [["key", "environment"], ["LIMIT", 1]]
  [1m[36mTRANSACTION (0.2ms)[0m  [1m[35mBEGIN[0m
  [1m[36mActiveRecord::InternalMetadata Create (0.6ms)[0m  [1m[32mINSERT INTO "ar_internal_metadata" ("key", "value", "created_at", "updated_at") VALUES ($1, $2, $3, $4) RETURNING "key"[0m  [["key", "environment"], ["value", "development"], ["created_at", "2024-01-22 00:19:33.691870"], ["updated_at", "2024-01-22 00:19:33.691870"]]
  [1m[36mTRANSACTION (29.4ms)[0m  [1m[35mCOMMIT[0m
  [1m[35m (0.6ms)[0m  [1m[34mSELECT pg_advisory_unlock(8585371506531869175)[0m
  [1m[35m (1.2ms)[0m  [1m[34mSELECT "schema_migrations"."version" FROM "schema_migrations" ORDER BY "schema_migrations"."version" ASC[0m
Started GET "/" for 127.0.0.1 at 2024-01-22 03:19:42 +0300
  [1m[35m (1.9ms)[0m  [1m[34mSELECT "schema_migrations"."version" FROM "schema_migrations" ORDER BY "schema_migrations"."version" ASC[0m
Processing by ProjectsController#index as HTML
  Rendering layout layouts/application.html.erb
  Rendering projects/index.html.erb within layouts/application
  Rendered projects/index.html.erb within layouts/application (Duration: 0.9ms | Allocations: 219)
[Webpacker] Compiling...
[Webpacker] Compilation failed:
Hash: 004d2be3b3fd47c789f9
Version: webpack 4.47.0
Time: 506ms
Built at: 22.01.2024 03:19:46
                                     Asset       Size       Chunks                         Chunk Names
    js/application-01db0594a5a7a39a1def.js   8.18 KiB  application  [emitted] [immutable]  application
js/application-01db0594a5a7a39a1def.js.map   3.53 KiB  application  [emitted] [dev]        application
                             manifest.json  364 bytes               [emitted]              
Entrypoint application = js/application-01db0594a5a7a39a1def.js js/application-01db0594a5a7a39a1def.js.map
[./app/javascript/packs/application.js] 4.28 KiB {application} [built] [failed] [1 error]

ERROR in ./app/javascript/packs/application.js
Module build failed (from ./node_modules/babel-loader/lib/index.js):
Error: Cannot find package '@babel/plugin-proposal-private-methods' imported from /home/timur/Git/PetPortal/babel-virtual-resolve-base.js
    at new NodeError (/home/timur/Git/PetPortal/node_modules/@babel/core/lib/vendor/import-meta-resolve.js:194:5)
    at packageResolve (/home/timur/Git/PetPortal/node_modules/@babel/core/lib/vendor/import-meta-resolve.js:908:9)
    at moduleResolve (/home/timur/Git/PetPortal/node_modules/@babel/core/lib/vendor/import-meta-resolve.js:937:20)
    at defaultResolve (/home/timur/Git/PetPortal/node_modules/@babel/core/lib/vendor/import-meta-resolve.js:1007:15)
    at resolve (/home/timur/Git/PetPortal/node_modules/@babel/core/lib/vendor/import-meta-resolve.js:1020:12)
    at tryImportMetaResolve (/home/timur/Git/PetPortal/node_modules/@babel/core/lib/config/files/plugins.js:142:45)
    at resolveStandardizedNameForImport (/home/timur/Git/PetPortal/node_modules/@babel/core/lib/config/files/plugins.js:164:19)
    at resolveStandardizedName (/home/timur/Git/PetPortal/node_modules/@babel/core/lib/config/files/plugins.js:173:22)
    at loadPlugin (/home/timur/Git/PetPortal/node_modules/@babel/core/lib/config/files/plugins.js:52:20)
    at loadPlugin.next (<anonymous>)
    at createDescriptor (/home/timur/Git/PetPortal/node_modules/@babel/core/lib/config/config-descriptors.js:140:16)
    at createDescriptor.next (<anonymous>)
    at step (/home/timur/Git/PetPortal/node_modules/gensync/index.js:261:32)
    at evaluateAsync (/home/timur/Git/PetPortal/node_modules/gensync/index.js:291:5)
    at /home/timur/Git/PetPortal/node_modules/gensync/index.js:44:11
    at Array.forEach (<anonymous>)
    at Function.async (/home/timur/Git/PetPortal/node_modules/gensync/index.js:43:15)
    at Function.all (/home/timur/Git/PetPortal/node_modules/gensync/index.js:216:13)
    at Generator.next (<anonymous>)
    at createDescriptors (/home/timur/Git/PetPortal/node_modules/@babel/core/lib/config/config-descriptors.js:102:41)
    at createDescriptors.next (<anonymous>)
    at createPluginDescriptors (/home/timur/Git/PetPortal/node_modules/@babel/core/lib/config/config-descriptors.js:99:17)
    at createPluginDescriptors.next (<anonymous>)
    at /home/timur/Git/PetPortal/node_modules/@babel/core/lib/gensync-utils/functional.js:39:27
    at Generator.next (<anonymous>)
    at mergeChainOpts (/home/timur/Git/PetPortal/node_modules/@babel/core/lib/config/config-chain.js:349:34)
    at mergeChainOpts.next (<anonymous>)
    at chainWalker (/home/timur/Git/PetPortal/node_modules/@babel/core/lib/config/config-chain.js:316:14)
    at chainWalker.next (<anonymous>)
    at loadFileChain (/home/timur/Git/PetPortal/node_modules/@babel/core/lib/config/config-chain.js:191:24)
    at loadFileChain.next (<anonymous>)
    at buildRootChain (/home/timur/Git/PetPortal/node_modules/@babel/core/lib/config/config-chain.js:77:27)
    at buildRootChain.next (<anonymous>)
    at loadPrivatePartialConfig (/home/timur/Git/PetPortal/node_modules/@babel/core/lib/config/partial.js:72:62)
    at loadPrivatePartialConfig.next (<anonymous>)
    at loadPartialConfig (/home/timur/Git/PetPortal/node_modules/@babel/core/lib/config/partial.js:115:25)
    at loadPartialConfig.next (<anonymous>)
    at step (/home/timur/Git/PetPortal/node_modules/gensync/index.js:269:25)
    at evaluateAsync (/home/timur/Git/PetPortal/node_modules/gensync/index.js:291:5)
    at /home/timur/Git/PetPortal/node_modules/gensync/index.js:93:9
    at new Promise (<anonymous>)
    at async (/home/timur/Git/PetPortal/node_modules/gensync/index.js:92:14)
    at stopHiding - secret - don't use this - v1 (/home/timur/Git/PetPortal/node_modules/@babel/core/lib/errors/rewrite-stack-trace.js:47:12)
    at loadPartialConfigAsync (/home/timur/Git/PetPortal/node_modules/@babel/core/lib/config/index.js:34:85)
    at Object.<anonymous> (/home/timur/Git/PetPortal/node_modules/babel-loader/lib/index.js:126:26)
    at Generator.next (<anonymous>)
    at asyncGeneratorStep (/home/timur/Git/PetPortal/node_modules/babel-loader/lib/index.js:3:103)
    at _next (/home/timur/Git/PetPortal/node_modules/babel-loader/lib/index.js:4:194)
    at /home/timur/Git/PetPortal/node_modules/babel-loader/lib/index.js:4:364
    at new Promise (<anonymous>)

  Rendered shared/_navbar.html.erb (Duration: 0.6ms | Allocations: 292)
  Rendered layout layouts/application.html.erb (Duration: 4355.1ms | Allocations: 13637)
Completed 200 OK in 4393ms (Views: 4381.9ms | ActiveRecord: 0.0ms | Allocations: 16614)


Started GET "/about" for 127.0.0.1 at 2024-01-22 03:22:43 +0300
Processing by AboutController#index as HTML
  Rendering layout layouts/application.html.erb
  Rendering about/index.html.erb within layouts/application
  Rendered about/index.html.erb within layouts/application (Duration: 0.5ms | Allocations: 108)
[Webpacker] Everything's up-to-date. Nothing to do
  Rendered shared/_navbar.html.erb (Duration: 0.3ms | Allocations: 125)
  Rendered layout layouts/application.html.erb (Duration: 7.1ms | Allocations: 3191)
Completed 200 OK in 10ms (Views: 8.9ms | ActiveRecord: 0.0ms | Allocations: 4080)


Started GET "/" for 127.0.0.1 at 2024-01-22 03:22:54 +0300
Processing by ProjectsController#index as HTML
  Rendering layout layouts/application.html.erb
  Rendering projects/index.html.erb within layouts/application
  Rendered projects/index.html.erb within layouts/application (Duration: 0.1ms | Allocations: 36)
[Webpacker] Everything's up-to-date. Nothing to do
  Rendered shared/_navbar.html.erb (Duration: 0.2ms | Allocations: 125)
  Rendered layout layouts/application.html.erb (Duration: 6.6ms | Allocations: 3158)
Completed 200 OK in 8ms (Views: 7.2ms | ActiveRecord: 0.0ms | Allocations: 3537)


Started GET "/about" for 127.0.0.1 at 2024-01-22 03:22:55 +0300
Processing by AboutController#index as HTML
  Rendering layout layouts/application.html.erb
  Rendering about/index.html.erb within layouts/application
  Rendered about/index.html.erb within layouts/application (Duration: 0.5ms | Allocations: 36)
[Webpacker] Everything's up-to-date. Nothing to do
  Rendered shared/_navbar.html.erb (Duration: 0.5ms | Allocations: 119)
  Rendered layout layouts/application.html.erb (Duration: 20.3ms | Allocations: 3147)
Completed 200 OK in 24ms (Views: 22.1ms | ActiveRecord: 0.0ms | Allocations: 3521)


Started GET "/" for 127.0.0.1 at 2024-01-22 03:22:56 +0300
Processing by ProjectsController#index as HTML
  Rendering layout layouts/application.html.erb
  Rendering projects/index.html.erb within layouts/application
  Rendered projects/index.html.erb within layouts/application (Duration: 0.2ms | Allocations: 36)
[Webpacker] Everything's up-to-date. Nothing to do
  Rendered shared/_navbar.html.erb (Duration: 0.4ms | Allocations: 119)
  Rendered layout layouts/application.html.erb (Duration: 10.6ms | Allocations: 3149)
Completed 200 OK in 13ms (Views: 11.5ms | ActiveRecord: 0.0ms | Allocations: 3527)


Started GET "/about" for 127.0.0.1 at 2024-01-22 03:22:58 +0300
Processing by AboutController#index as HTML
  Rendering layout layouts/application.html.erb
  Rendering about/index.html.erb within layouts/application
  Rendered about/index.html.erb within layouts/application (Duration: 0.1ms | Allocations: 36)
[Webpacker] Everything's up-to-date. Nothing to do
  Rendered shared/_navbar.html.erb (Duration: 0.4ms | Allocations: 119)
  Rendered layout layouts/application.html.erb (Duration: 8.6ms | Allocations: 3147)
Completed 200 OK in 10ms (Views: 9.4ms | ActiveRecord: 0.0ms | Allocations: 3520)


Started GET "/" for 127.0.0.1 at 2024-01-22 03:22:59 +0300
Processing by ProjectsController#index as HTML
  Rendering layout layouts/application.html.erb
  Rendering projects/index.html.erb within layouts/application
  Rendered projects/index.html.erb within layouts/application (Duration: 0.2ms | Allocations: 36)
[Webpacker] Everything's up-to-date. Nothing to do
  Rendered shared/_navbar.html.erb (Duration: 0.4ms | Allocations: 119)
  Rendered layout layouts/application.html.erb (Duration: 11.4ms | Allocations: 3147)
Completed 200 OK in 13ms (Views: 12.3ms | ActiveRecord: 0.0ms | Allocations: 3521)


Started GET "/about" for 127.0.0.1 at 2024-01-22 03:23:01 +0300
Processing by AboutController#index as HTML
  Rendering layout layouts/application.html.erb
  Rendering about/index.html.erb within layouts/application
  Rendered about/index.html.erb within layouts/application (Duration: 0.3ms | Allocations: 36)
[Webpacker] Everything's up-to-date. Nothing to do
  Rendered shared/_navbar.html.erb (Duration: 0.4ms | Allocations: 119)
  Rendered layout layouts/application.html.erb (Duration: 12.5ms | Allocations: 3147)
Completed 200 OK in 15ms (Views: 13.5ms | ActiveRecord: 0.0ms | Allocations: 3520)


  [1m[35m (84.0ms)[0m  [1m[34mSELECT "schema_migrations"."version" FROM "schema_migrations" ORDER BY "schema_migrations"."version" ASC[0m
  [1m[35m (73.4ms)[0m  [1m[34mSELECT "ar_internal_metadata"."value" FROM "ar_internal_metadata" WHERE "ar_internal_metadata"."key" = $1[0m  [["key", "environment"]]
  [1m[35m (0.3ms)[0m  [1m[34mSELECT "schema_migrations"."version" FROM "schema_migrations" ORDER BY "schema_migrations"."version" ASC[0m
  [1m[35m (0.2ms)[0m  [1m[34mSELECT "ar_internal_metadata"."value" FROM "ar_internal_metadata" WHERE "ar_internal_metadata"."key" = $1[0m  [["key", "environment"]]
  [1m[35m (0.2ms)[0m  [1m[34mSELECT "schema_migrations"."version" FROM "schema_migrations" ORDER BY "schema_migrations"."version" ASC[0m
  [1m[35m (0.2ms)[0m  [1m[34mSELECT "ar_internal_metadata"."value" FROM "ar_internal_metadata" WHERE "ar_internal_metadata"."key" = $1[0m  [["key", "environment"]]
  [1m[35m (506.5ms)[0m  [1m[35mDROP DATABASE IF EXISTS "pet_portal_development"[0m
  [1m[35m (1714.9ms)[0m  [1m[35mCREATE DATABASE "pet_portal_development" ENCODING = 'utf8'[0m
  [1m[35mSQL (43.2ms)[0m  [1m[35mCREATE EXTENSION IF NOT EXISTS "plpgsql"[0m
  [1m[35m (0.2ms)[0m  [1m[35mDROP TABLE IF EXISTS "projects" CASCADE[0m
  [1m[35m (373.1ms)[0m  [1m[35mCREATE TABLE "projects" ("id" bigserial primary key, "title" text NOT NULL, "description" text, "user_id" integer, "created_at" timestamp(6) NOT NULL, "updated_at" timestamp(6) NOT NULL)[0m
  [1m[35m (251.7ms)[0m  [1m[35mCREATE TABLE "schema_migrations" ("version" character varying NOT NULL PRIMARY KEY)[0m
  [1m[35m (0.5ms)[0m  [1m[34mSELECT "schema_migrations"."version" FROM "schema_migrations" ORDER BY "schema_migrations"."version" ASC[0m
  [1m[35m (50.7ms)[0m  [1m[32mINSERT INTO "schema_migrations" (version) VALUES (20240120141922)[0m
  [1m[35m (197.1ms)[0m  [1m[35mCREATE TABLE "ar_internal_metadata" ("key" character varying NOT NULL PRIMARY KEY, "value" character varying, "created_at" timestamp(6) NOT NULL, "updated_at" timestamp(6) NOT NULL)[0m
  [1m[36mActiveRecord::InternalMetadata Load (0.4ms)[0m  [1m[34mSELECT "ar_internal_metadata".* FROM "ar_internal_metadata" WHERE "ar_internal_metadata"."key" = $1 LIMIT $2[0m  [["key", "environment"], ["LIMIT", 1]]
  [1m[36mTRANSACTION (0.2ms)[0m  [1m[35mBEGIN[0m
  [1m[36mActiveRecord::InternalMetadata Create (0.5ms)[0m  [1m[32mINSERT INTO "ar_internal_metadata" ("key", "value", "created_at", "updated_at") VALUES ($1, $2, $3, $4) RETURNING "key"[0m  [["key", "environment"], ["value", "development"], ["created_at", "2024-01-23 14:35:39.771914"], ["updated_at", "2024-01-23 14:35:39.771914"]]
  [1m[36mTRANSACTION (52.8ms)[0m  [1m[35mCOMMIT[0m
  [1m[36mActiveRecord::InternalMetadata Load (0.3ms)[0m  [1m[34mSELECT "ar_internal_metadata".* FROM "ar_internal_metadata" WHERE "ar_internal_metadata"."key" = $1 LIMIT $2[0m  [["key", "environment"], ["LIMIT", 1]]
  [1m[36mActiveRecord::InternalMetadata Load (0.2ms)[0m  [1m[34mSELECT "ar_internal_metadata".* FROM "ar_internal_metadata" WHERE "ar_internal_metadata"."key" = $1 LIMIT $2[0m  [["key", "schema_sha1"], ["LIMIT", 1]]
  [1m[36mTRANSACTION (0.2ms)[0m  [1m[35mBEGIN[0m
  [1m[36mActiveRecord::InternalMetadata Create (0.3ms)[0m  [1m[32mINSERT INTO "ar_internal_metadata" ("key", "value", "created_at", "updated_at") VALUES ($1, $2, $3, $4) RETURNING "key"[0m  [["key", "schema_sha1"], ["value", "6a3fefc081cb9c998db6257fa490c2d316d25592"], ["created_at", "2024-01-23 14:35:39.836002"], ["updated_at", "2024-01-23 14:35:39.836002"]]
  [1m[36mTRANSACTION (2.9ms)[0m  [1m[35mCOMMIT[0m
  [1m[35m (0.7ms)[0m  [1m[34mSELECT "schema_migrations"."version" FROM "schema_migrations" ORDER BY "schema_migrations"."version" ASC[0m
  [1m[35m (0.2ms)[0m  [1m[34mSELECT pg_try_advisory_lock(8585371506531869175)[0m
  [1m[35m (0.5ms)[0m  [1m[34mSELECT "schema_migrations"."version" FROM "schema_migrations" ORDER BY "schema_migrations"."version" ASC[0m
Migrating to CreateUsers (20240123143150)
  [1m[36mTRANSACTION (0.2ms)[0m  [1m[35mBEGIN[0m
  [1m[35m (22.3ms)[0m  [1m[35mCREATE TABLE "users" ("id" bigserial primary key, "first_name" character varying, "last_name" character varying, "email" citext NOT NULL, "password_digest" character varying, "created_at" timestamp(6) NOT NULL, "updated_at" timestamp(6) NOT NULL)[0m
  [1m[36mTRANSACTION (0.2ms)[0m  [1m[31mROLLBACK[0m
  [1m[35m (0.3ms)[0m  [1m[34mSELECT pg_advisory_unlock(8585371506531869175)[0m
  [1m[35m (0.2ms)[0m  [1m[34mSELECT pg_try_advisory_lock(8585371506531869175)[0m
  [1m[35m (0.4ms)[0m  [1m[34mSELECT "schema_migrations"."version" FROM "schema_migrations" ORDER BY "schema_migrations"."version" ASC[0m
Migrating to CreateUsers (20240123143150)
  [1m[36mTRANSACTION (0.3ms)[0m  [1m[35mBEGIN[0m
  [1m[35mSQL (183.1ms)[0m  [1m[35mCREATE EXTENSION IF NOT EXISTS "citext"[0m
  [1m[35m (94.0ms)[0m  [1m[35mCREATE TABLE "users" ("id" bigserial primary key, "first_name" character varying, "last_name" character varying, "email" citext NOT NULL, "password_digest" character varying, "created_at" timestamp(6) NOT NULL, "updated_at" timestamp(6) NOT NULL)[0m
  [1m[35m (54.2ms)[0m  [1m[35mCREATE UNIQUE INDEX "index_users_on_email" ON "users" ("email")[0m
  [1m[36mActiveRecord::SchemaMigration Create (0.4ms)[0m  [1m[32mINSERT INTO "schema_migrations" ("version") VALUES ($1) RETURNING "version"[0m  [["version", "20240123143150"]]
  [1m[36mTRANSACTION (4.2ms)[0m  [1m[35mCOMMIT[0m
  [1m[36mActiveRecord::InternalMetadata Load (0.3ms)[0m  [1m[34mSELECT "ar_internal_metadata".* FROM "ar_internal_metadata" WHERE "ar_internal_metadata"."key" = $1 LIMIT $2[0m  [["key", "environment"], ["LIMIT", 1]]
  [1m[35m (0.4ms)[0m  [1m[34mSELECT pg_advisory_unlock(8585371506531869175)[0m
  [1m[35m (0.6ms)[0m  [1m[34mSELECT "schema_migrations"."version" FROM "schema_migrations" ORDER BY "schema_migrations"."version" ASC[0m
Started GET "/about" for 127.0.0.1 at 2024-01-23 17:37:50 +0300
  [1m[35m (1.2ms)[0m  [1m[34mSELECT "schema_migrations"."version" FROM "schema_migrations" ORDER BY "schema_migrations"."version" ASC[0m
Processing by AboutController#index as HTML
  Rendering layout layouts/application.html.erb
  Rendering about/index.html.erb within layouts/application
  Rendered about/index.html.erb within layouts/application (Duration: 20.8ms | Allocations: 224)
[Webpacker] Everything's up-to-date. Nothing to do
  Rendered shared/_navbar.html.erb (Duration: 2.2ms | Allocations: 292)
  Rendered layout layouts/application.html.erb (Duration: 85.1ms | Allocations: 5345)
Completed 200 OK in 121ms (Views: 93.8ms | ActiveRecord: 0.0ms | Allocations: 7973)


Started GET "/" for 127.0.0.1 at 2024-01-23 17:37:53 +0300
Processing by ProjectsController#index as HTML
  Rendering layout layouts/application.html.erb
  Rendering projects/index.html.erb within layouts/application
  Rendered projects/index.html.erb within layouts/application (Duration: 10.8ms | Allocations: 103)
[Webpacker] Everything's up-to-date. Nothing to do
  Rendered shared/_navbar.html.erb (Duration: 0.5ms | Allocations: 125)
  Rendered layout layouts/application.html.erb (Duration: 20.3ms | Allocations: 3186)
Completed 200 OK in 24ms (Views: 22.5ms | ActiveRecord: 0.0ms | Allocations: 4072)


  [1m[35m (0.4ms)[0m  [1m[34mSELECT "schema_migrations"."version" FROM "schema_migrations" ORDER BY "schema_migrations"."version" ASC[0m
  [1m[35m (0.4ms)[0m  [1m[34mSELECT "ar_internal_metadata"."value" FROM "ar_internal_metadata" WHERE "ar_internal_metadata"."key" = $1[0m  [["key", "environment"]]
  [1m[35m (0.2ms)[0m  [1m[34mSELECT "schema_migrations"."version" FROM "schema_migrations" ORDER BY "schema_migrations"."version" ASC[0m
  [1m[35m (0.2ms)[0m  [1m[34mSELECT "ar_internal_metadata"."value" FROM "ar_internal_metadata" WHERE "ar_internal_metadata"."key" = $1[0m  [["key", "environment"]]
  [1m[35m (0.2ms)[0m  [1m[34mSELECT "schema_migrations"."version" FROM "schema_migrations" ORDER BY "schema_migrations"."version" ASC[0m
  [1m[35m (0.2ms)[0m  [1m[34mSELECT "ar_internal_metadata"."value" FROM "ar_internal_metadata" WHERE "ar_internal_metadata"."key" = $1[0m  [["key", "environment"]]
  [1m[35m (351.4ms)[0m  [1m[35mDROP DATABASE IF EXISTS "pet_portal_development"[0m
  [1m[35m (273.0ms)[0m  [1m[35mCREATE DATABASE "pet_portal_development" ENCODING = 'utf8'[0m
  [1m[35mSQL (111.0ms)[0m  [1m[35mCREATE EXTENSION IF NOT EXISTS "citext"[0m
  [1m[35mSQL (0.5ms)[0m  [1m[35mCREATE EXTENSION IF NOT EXISTS "plpgsql"[0m
  [1m[35m (0.5ms)[0m  [1m[35mDROP TABLE IF EXISTS "projects" CASCADE[0m
  [1m[35m (174.4ms)[0m  [1m[35mCREATE TABLE "projects" ("id" bigserial primary key, "title" text NOT NULL, "description" text, "user_id" integer, "created_at" timestamp(6) NOT NULL, "updated_at" timestamp(6) NOT NULL)[0m
  [1m[35m (0.8ms)[0m  [1m[35mDROP TABLE IF EXISTS "users" CASCADE[0m
  [1m[35m (293.3ms)[0m  [1m[35mCREATE TABLE "users" ("id" bigserial primary key, "first_name" character varying, "last_name" character varying, "email" citext NOT NULL, "password_digest" character varying, "created_at" timestamp(6) NOT NULL, "updated_at" timestamp(6) NOT NULL)[0m
  [1m[35m (73.6ms)[0m  [1m[35mCREATE UNIQUE INDEX "index_users_on_email" ON "users" ("email")[0m
  [1m[35m (132.5ms)[0m  [1m[35mCREATE TABLE "schema_migrations" ("version" character varying NOT NULL PRIMARY KEY)[0m
  [1m[35m (1.4ms)[0m  [1m[34mSELECT "schema_migrations"."version" FROM "schema_migrations" ORDER BY "schema_migrations"."version" ASC[0m
  [1m[35m (12.0ms)[0m  [1m[32mINSERT INTO "schema_migrations" (version) VALUES (20240123143150)[0m
  [1m[35m (9.0ms)[0m  [1m[32mINSERT INTO "schema_migrations" (version) VALUES
(20240120141922);

[0m
  [1m[35m (118.5ms)[0m  [1m[35mCREATE TABLE "ar_internal_metadata" ("key" character varying NOT NULL PRIMARY KEY, "value" character varying, "created_at" timestamp(6) NOT NULL, "updated_at" timestamp(6) NOT NULL)[0m
  [1m[36mActiveRecord::InternalMetadata Load (1.2ms)[0m  [1m[34mSELECT "ar_internal_metadata".* FROM "ar_internal_metadata" WHERE "ar_internal_metadata"."key" = $1 LIMIT $2[0m  [["key", "environment"], ["LIMIT", 1]]
  [1m[36mTRANSACTION (0.3ms)[0m  [1m[35mBEGIN[0m
  [1m[36mActiveRecord::InternalMetadata Create (0.7ms)[0m  [1m[32mINSERT INTO "ar_internal_metadata" ("key", "value", "created_at", "updated_at") VALUES ($1, $2, $3, $4) RETURNING "key"[0m  [["key", "environment"], ["value", "development"], ["created_at", "2024-01-23 21:04:14.100394"], ["updated_at", "2024-01-23 21:04:14.100394"]]
  [1m[36mTRANSACTION (5.0ms)[0m  [1m[35mCOMMIT[0m
  [1m[36mActiveRecord::InternalMetadata Load (0.2ms)[0m  [1m[34mSELECT "ar_internal_metadata".* FROM "ar_internal_metadata" WHERE "ar_internal_metadata"."key" = $1 LIMIT $2[0m  [["key", "environment"], ["LIMIT", 1]]
  [1m[36mActiveRecord::InternalMetadata Load (0.2ms)[0m  [1m[34mSELECT "ar_internal_metadata".* FROM "ar_internal_metadata" WHERE "ar_internal_metadata"."key" = $1 LIMIT $2[0m  [["key", "schema_sha1"], ["LIMIT", 1]]
  [1m[36mTRANSACTION (0.1ms)[0m  [1m[35mBEGIN[0m
  [1m[36mActiveRecord::InternalMetadata Create (0.2ms)[0m  [1m[32mINSERT INTO "ar_internal_metadata" ("key", "value", "created_at", "updated_at") VALUES ($1, $2, $3, $4) RETURNING "key"[0m  [["key", "schema_sha1"], ["value", "83ebb5bbd40323ffbf956149339a6eeb6d49c715"], ["created_at", "2024-01-23 21:04:14.116793"], ["updated_at", "2024-01-23 21:04:14.116793"]]
  [1m[36mTRANSACTION (3.1ms)[0m  [1m[35mCOMMIT[0m
  [1m[35m (0.5ms)[0m  [1m[34mSELECT "schema_migrations"."version" FROM "schema_migrations" ORDER BY "schema_migrations"."version" ASC[0m
  [1m[35m (0.2ms)[0m  [1m[34mSELECT pg_try_advisory_lock(8585371506531869175)[0m
  [1m[35m (0.5ms)[0m  [1m[34mSELECT "schema_migrations"."version" FROM "schema_migrations" ORDER BY "schema_migrations"."version" ASC[0m
Migrating to CreateProjectMemberships (20240123180551)
  [1m[35m (0.3ms)[0m  [1m[34mSELECT pg_advisory_unlock(8585371506531869175)[0m
  [1m[35m (0.2ms)[0m  [1m[34mSELECT pg_try_advisory_lock(8585371506531869175)[0m
  [1m[35m (0.5ms)[0m  [1m[34mSELECT "schema_migrations"."version" FROM "schema_migrations" ORDER BY "schema_migrations"."version" ASC[0m
Migrating to CreateProjectMemberships (20240123180551)
  [1m[36mTRANSACTION (0.2ms)[0m  [1m[35mBEGIN[0m
  [1m[35m (126.8ms)[0m  [1m[35mCREATE TABLE "project_memberships" ("id" bigserial primary key, "user_id" bigint, "project_id" bigint, "created_at" timestamp(6) NOT NULL, "updated_at" timestamp(6) NOT NULL)[0m
  [1m[35m (52.3ms)[0m  [1m[35mCREATE INDEX "index_project_memberships_on_user_id" ON "project_memberships" ("user_id")[0m
  [1m[35m (54.8ms)[0m  [1m[35mCREATE INDEX "index_project_memberships_on_project_id" ON "project_memberships" ("project_id")[0m
  [1m[35m (51.8ms)[0m  [1m[35mCREATE UNIQUE INDEX "index_project_memberships_on_user_id_and_project_id" ON "project_memberships" ("user_id", "project_id")[0m
  [1m[36mActiveRecord::SchemaMigration Create (0.4ms)[0m  [1m[32mINSERT INTO "schema_migrations" ("version") VALUES ($1) RETURNING "version"[0m  [["version", "20240123180551"]]
  [1m[36mTRANSACTION (29.3ms)[0m  [1m[35mCOMMIT[0m
  [1m[36mActiveRecord::InternalMetadata Load (0.4ms)[0m  [1m[34mSELECT "ar_internal_metadata".* FROM "ar_internal_metadata" WHERE "ar_internal_metadata"."key" = $1 LIMIT $2[0m  [["key", "environment"], ["LIMIT", 1]]
  [1m[35m (0.4ms)[0m  [1m[34mSELECT pg_advisory_unlock(8585371506531869175)[0m
  [1m[35m (0.5ms)[0m  [1m[34mSELECT "schema_migrations"."version" FROM "schema_migrations" ORDER BY "schema_migrations"."version" ASC[0m
Started GET "/" for 127.0.0.1 at 2024-01-24 00:05:52 +0300
  [1m[35m (0.9ms)[0m  [1m[34mSELECT "schema_migrations"."version" FROM "schema_migrations" ORDER BY "schema_migrations"."version" ASC[0m
  
SyntaxError (/home/timur/Git/PetPortal/app/controllers/projects_controller.rb:14: syntax error, unexpected end-of-input, expecting `end'):
  
app/controllers/projects_controller.rb:14: syntax error, unexpected end-of-input, expecting `end'
app/controllers/projects_controller.rb:14: syntax error, unexpected end-of-input, expecting `end'
Started GET "/" for 127.0.0.1 at 2024-01-24 00:06:33 +0300
Processing by ProjectsController#index as HTML
  Rendering layout layouts/application.html.erb
  Rendering projects/index.html.erb within layouts/application
  Rendered projects/index.html.erb within layouts/application (Duration: 0.4ms | Allocations: 106)
[Webpacker] Everything's up-to-date. Nothing to do
  Rendered shared/_navbar.html.erb (Duration: 1.0ms | Allocations: 291)
  Rendered layout layouts/application.html.erb (Duration: 12.0ms | Allocations: 5224)
Completed 200 OK in 18ms (Views: 13.9ms | ActiveRecord: 0.0ms | Allocations: 7203)


Started GET "/about" for 127.0.0.1 at 2024-01-24 00:28:35 +0300
Processing by AboutController#index as HTML
  Rendering layout layouts/application.html.erb
  Rendering about/index.html.erb within layouts/application
  Rendered about/index.html.erb within layouts/application (Duration: 0.8ms | Allocations: 109)
[Webpacker] Everything's up-to-date. Nothing to do
  Rendered shared/_navbar.html.erb (Duration: 0.2ms | Allocations: 125)
  Rendered layout layouts/application.html.erb (Duration: 6.2ms | Allocations: 3192)
Completed 200 OK in 11ms (Views: 8.3ms | Allocations: 4078)


Started GET "/about" for 127.0.0.1 at 2024-01-24 00:28:48 +0300
Processing by AboutController#index as HTML
  Rendering layout layouts/application.html.erb
  Rendering about/index.html.erb within layouts/application
  Rendered about/index.html.erb within layouts/application (Duration: 0.2ms | Allocations: 36)
[Webpacker] Everything's up-to-date. Nothing to do
  Rendered shared/_navbar.html.erb (Duration: 0.3ms | Allocations: 119)
  Rendered layout layouts/application.html.erb (Duration: 7.1ms | Allocations: 3147)
Completed 200 OK in 9ms (Views: 8.0ms | Allocations: 3521)


